[2025-08-11 17:20:43.498] [::1] [INFO] DB.connect2 start dsn=mysql:host=68.183.222.202;port=3306;dbname=TrevaDB;charset=utf8mb4 user=aybekcankaya1
[2025-08-11 17:20:43.696] [::1] [INFO] DB.connect2 success dsn=mysql:host=68.183.222.202;port=3306;dbname=TrevaDB;charset=utf8mb4
[2025-08-11 17:20:43.697] [::1] [INFO] SQL.prepare qid=07529333 sql=CREATE TABLE IF NOT EXISTS users ( id INT AUTO_INCREMENT PRIMARY KEY, name VARCHAR(100), email VARCHAR(255) NOT NULL UNIQUE, password VARCHAR(255), google_id VARCHAR(255) UNIQUE, created_at DATETIME DEFAULT CURRENT_TIMESTAMP, updated_at DATETIME DEFAULT CURRENT_TIMESTAMP ON UPDATE CURRENT_TIMESTAMP ) CHARACTER SET utf8mb4 COLLATE utf8mb4_unicode_ci; params=[]
[2025-08-11 17:20:43.767] [::1] [INFO] SQL.exec qid=07529333 ok elapsed_ms=70 affected=0
[2025-08-11 17:20:43.768] [::1] [INFO] SQL.prepare qid=2035354e sql=CREATE TABLE IF NOT EXISTS trips ( id INT AUTO_INCREMENT PRIMARY KEY, title VARCHAR(255) NOT NULL, description TEXT NULL, latitude DECIMAL(9,6) NOT NULL, longitude DECIMAL(9,6) NOT NULL, user_id INT NOT NULL, created_at DATETIME DEFAULT CURRENT_TIMESTAMP, updated_at DATETIME DEFAULT CURRENT_TIMESTAMP ON UPDATE CURRENT_TIMESTAMP, INDEX idx_trips_user_id (user_id), CONSTRAINT fk_trips_user FOREIGN KEY (user_id) REFERENCES users(id) ON DELETE CASCADE ON UPDATE CASCADE ) ENGINE=InnoDB CHARACTER SET utf8mb4 COLLATE utf8mb4_unicode_ci; params=[]
[2025-08-11 17:20:43.838] [::1] [INFO] SQL.exec qid=2035354e ok elapsed_ms=69 affected=0
[2025-08-11 17:20:43.841] [::1] [INFO] SQL.prepare qid=6371809e sql=CREATE TABLE IF NOT EXISTS media ( id INT AUTO_INCREMENT PRIMARY KEY, trip_id INT NOT NULL, media_type VARCHAR(100) NOT NULL, full_name VARCHAR(1024) NOT NULL, created_at DATETIME DEFAULT CURRENT_TIMESTAMP, updated_at DATETIME DEFAULT CURRENT_TIMESTAMP ON UPDATE CURRENT_TIMESTAMP, INDEX idx_media_trip_id (trip_id), CONSTRAINT fk_media_trip FOREIGN KEY (trip_id) REFERENCES trips(id) ON DELETE CASCADE ON UPDATE CASCADE ) ENGINE=InnoDB CHARACTER SET utf8mb4 COLLATE utf8mb4_unicode_ci; params=[]
[2025-08-11 17:20:43.907] [::1] [INFO] SQL.exec qid=6371809e ok elapsed_ms=65 affected=0
[2025-08-11 17:20:43.909] [::1] [INFO] SQL.prepare qid=cdb18d3a sql=SELECT COUNT(*) AS cnt FROM trips WHERE user_id = ? params=[2]
[2025-08-11 17:20:43.976] [::1] [INFO] SQL.select qid=cdb18d3a ok elapsed_ms=68 rows=1
[2025-08-11 17:20:43.977] [::1] [INFO] SQL.prepare qid=f7a86716 sql=SELECT * FROM trips WHERE user_id = ? ORDER BY created_at DESC LIMIT 10 OFFSET 0 params=[2]
[2025-08-11 17:20:44.046] [::1] [INFO] SQL.select qid=f7a86716 ok elapsed_ms=69 rows=6
[2025-08-11 17:20:44.048] [::1] [INFO] SQL.prepare qid=0f5a6ac5 sql=SELECT trip_id, id, media_type, full_name FROM media WHERE trip_id IN (?,?,?,?,?,?) ORDER BY id ASC params=["6","5","4","3","2","1"]
[2025-08-11 17:20:44.116] [::1] [INFO] SQL.select qid=0f5a6ac5 ok elapsed_ms=67 rows=8
[2025-08-11 17:22:47.569] [::1] [INFO] DB.connect2 start dsn=mysql:host=68.183.222.202;port=3306;dbname=TrevaDB;charset=utf8mb4 user=aybekcankaya1
[2025-08-11 17:22:47.806] [::1] [INFO] DB.connect2 success dsn=mysql:host=68.183.222.202;port=3306;dbname=TrevaDB;charset=utf8mb4
[2025-08-11 17:22:47.807] [::1] [INFO] SQL.prepare qid=7c9c8f1c sql=CREATE TABLE IF NOT EXISTS users ( id INT AUTO_INCREMENT PRIMARY KEY, name VARCHAR(100), email VARCHAR(255) NOT NULL UNIQUE, password VARCHAR(255), google_id VARCHAR(255) UNIQUE, created_at DATETIME DEFAULT CURRENT_TIMESTAMP, updated_at DATETIME DEFAULT CURRENT_TIMESTAMP ON UPDATE CURRENT_TIMESTAMP ) CHARACTER SET utf8mb4 COLLATE utf8mb4_unicode_ci; params=[]
[2025-08-11 17:22:47.878] [::1] [INFO] SQL.exec qid=7c9c8f1c ok elapsed_ms=71 affected=0
[2025-08-11 17:22:47.879] [::1] [INFO] SQL.prepare qid=c0b56505 sql=CREATE TABLE IF NOT EXISTS trips ( id INT AUTO_INCREMENT PRIMARY KEY, title VARCHAR(255) NOT NULL, description TEXT NULL, latitude DECIMAL(9,6) NOT NULL, longitude DECIMAL(9,6) NOT NULL, user_id INT NOT NULL, created_at DATETIME DEFAULT CURRENT_TIMESTAMP, updated_at DATETIME DEFAULT CURRENT_TIMESTAMP ON UPDATE CURRENT_TIMESTAMP, INDEX idx_trips_user_id (user_id), CONSTRAINT fk_trips_user FOREIGN KEY (user_id) REFERENCES users(id) ON DELETE CASCADE ON UPDATE CASCADE ) ENGINE=InnoDB CHARACTER SET utf8mb4 COLLATE utf8mb4_unicode_ci; params=[]
[2025-08-11 17:22:47.948] [::1] [INFO] SQL.exec qid=c0b56505 ok elapsed_ms=69 affected=0
[2025-08-11 17:22:47.949] [::1] [INFO] SQL.prepare qid=aa2128d3 sql=CREATE TABLE IF NOT EXISTS media ( id INT AUTO_INCREMENT PRIMARY KEY, trip_id INT NOT NULL, media_type VARCHAR(100) NOT NULL, full_name VARCHAR(1024) NOT NULL, created_at DATETIME DEFAULT CURRENT_TIMESTAMP, updated_at DATETIME DEFAULT CURRENT_TIMESTAMP ON UPDATE CURRENT_TIMESTAMP, INDEX idx_media_trip_id (trip_id), CONSTRAINT fk_media_trip FOREIGN KEY (trip_id) REFERENCES trips(id) ON DELETE CASCADE ON UPDATE CASCADE ) ENGINE=InnoDB CHARACTER SET utf8mb4 COLLATE utf8mb4_unicode_ci; params=[]
[2025-08-11 17:22:48.020] [::1] [INFO] SQL.exec qid=aa2128d3 ok elapsed_ms=72 affected=0
[2025-08-11 17:37:40.495] [::1] [INFO] DB.connect2 start dsn=mysql:host=68.183.222.202;port=3306;dbname=TrevaDB;charset=utf8mb4 user=aybekcankaya1
[2025-08-11 17:37:40.693] [::1] [INFO] DB.connect2 success dsn=mysql:host=68.183.222.202;port=3306;dbname=TrevaDB;charset=utf8mb4
[2025-08-11 17:37:40.695] [::1] [INFO] SQL.prepare qid=3082ca21 sql=CREATE TABLE IF NOT EXISTS users ( id INT AUTO_INCREMENT PRIMARY KEY, name VARCHAR(100), email VARCHAR(255) NOT NULL UNIQUE, password VARCHAR(255), google_id VARCHAR(255) UNIQUE, created_at DATETIME DEFAULT CURRENT_TIMESTAMP, updated_at DATETIME DEFAULT CURRENT_TIMESTAMP ON UPDATE CURRENT_TIMESTAMP ) CHARACTER SET utf8mb4 COLLATE utf8mb4_unicode_ci; params=[]
[2025-08-11 17:37:40.767] [::1] [INFO] SQL.exec qid=3082ca21 ok elapsed_ms=71 affected=0
[2025-08-11 17:37:40.773] [::1] [INFO] SQL.prepare qid=353c410c sql=CREATE TABLE IF NOT EXISTS trips ( id INT AUTO_INCREMENT PRIMARY KEY, title VARCHAR(255) NOT NULL, description TEXT NULL, latitude DECIMAL(9,6) NOT NULL, longitude DECIMAL(9,6) NOT NULL, user_id INT NOT NULL, created_at DATETIME DEFAULT CURRENT_TIMESTAMP, updated_at DATETIME DEFAULT CURRENT_TIMESTAMP ON UPDATE CURRENT_TIMESTAMP, INDEX idx_trips_user_id (user_id), CONSTRAINT fk_trips_user FOREIGN KEY (user_id) REFERENCES users(id) ON DELETE CASCADE ON UPDATE CASCADE ) ENGINE=InnoDB CHARACTER SET utf8mb4 COLLATE utf8mb4_unicode_ci; params=[]
[2025-08-11 17:37:40.844] [::1] [INFO] SQL.exec qid=353c410c ok elapsed_ms=69 affected=0
[2025-08-11 17:37:40.844] [::1] [INFO] SQL.prepare qid=ef7a44c6 sql=CREATE TABLE IF NOT EXISTS media ( id INT AUTO_INCREMENT PRIMARY KEY, trip_id INT NOT NULL, media_type VARCHAR(100) NOT NULL, full_name VARCHAR(1024) NOT NULL, created_at DATETIME DEFAULT CURRENT_TIMESTAMP, updated_at DATETIME DEFAULT CURRENT_TIMESTAMP ON UPDATE CURRENT_TIMESTAMP, INDEX idx_media_trip_id (trip_id), CONSTRAINT fk_media_trip FOREIGN KEY (trip_id) REFERENCES trips(id) ON DELETE CASCADE ON UPDATE CASCADE ) ENGINE=InnoDB CHARACTER SET utf8mb4 COLLATE utf8mb4_unicode_ci; params=[]
[2025-08-11 17:37:40.914] [::1] [INFO] SQL.exec qid=ef7a44c6 ok elapsed_ms=70 affected=0
[2025-08-11 17:37:40.919] [::1] [INFO] trip rid=19fe38da start method=GET ct="" uid=2
[2025-08-11 17:37:40.920] [::1] [INFO] trip rid=19fe38da list page=1 per=10
[2025-08-11 17:37:40.921] [::1] [INFO] SQL.prepare qid=91a5731c sql=SELECT COUNT(*) AS cnt FROM trips WHERE user_id = ? params=[2]
[2025-08-11 17:37:40.984] [::1] [INFO] SQL.select qid=91a5731c ok elapsed_ms=62 rows=1
[2025-08-11 17:37:40.985] [::1] [INFO] SQL.prepare qid=9559cbf6 sql=SELECT * FROM trips WHERE user_id = ? ORDER BY created_at DESC LIMIT 10 OFFSET 0 params=[2]
[2025-08-11 17:37:41.057] [::1] [INFO] SQL.select qid=9559cbf6 ok elapsed_ms=73 rows=6
[2025-08-11 17:37:41.060] [::1] [INFO] SQL.prepare qid=82048723 sql=SELECT trip_id, id, media_type, full_name FROM media WHERE trip_id IN (?,?,?,?,?,?) ORDER BY id ASC params=["6","5","4","3","2","1"]
[2025-08-11 17:37:41.124] [::1] [INFO] SQL.select qid=82048723 ok elapsed_ms=63 rows=8
[2025-08-11 17:37:41.125] [::1] [INFO] trip rid=19fe38da list_ok page=1 per=10 total=6 items=6
[2025-08-11 17:37:44.266] [::1] [INFO] DB.connect2 start dsn=mysql:host=68.183.222.202;port=3306;dbname=TrevaDB;charset=utf8mb4 user=aybekcankaya1
[2025-08-11 17:37:44.464] [::1] [INFO] DB.connect2 success dsn=mysql:host=68.183.222.202;port=3306;dbname=TrevaDB;charset=utf8mb4
[2025-08-11 17:37:44.465] [::1] [INFO] SQL.prepare qid=1d6499a3 sql=CREATE TABLE IF NOT EXISTS users ( id INT AUTO_INCREMENT PRIMARY KEY, name VARCHAR(100), email VARCHAR(255) NOT NULL UNIQUE, password VARCHAR(255), google_id VARCHAR(255) UNIQUE, created_at DATETIME DEFAULT CURRENT_TIMESTAMP, updated_at DATETIME DEFAULT CURRENT_TIMESTAMP ON UPDATE CURRENT_TIMESTAMP ) CHARACTER SET utf8mb4 COLLATE utf8mb4_unicode_ci; params=[]
[2025-08-11 17:37:44.536] [::1] [INFO] SQL.exec qid=1d6499a3 ok elapsed_ms=70 affected=0
[2025-08-11 17:37:44.538] [::1] [INFO] SQL.prepare qid=268cc8b1 sql=CREATE TABLE IF NOT EXISTS trips ( id INT AUTO_INCREMENT PRIMARY KEY, title VARCHAR(255) NOT NULL, description TEXT NULL, latitude DECIMAL(9,6) NOT NULL, longitude DECIMAL(9,6) NOT NULL, user_id INT NOT NULL, created_at DATETIME DEFAULT CURRENT_TIMESTAMP, updated_at DATETIME DEFAULT CURRENT_TIMESTAMP ON UPDATE CURRENT_TIMESTAMP, INDEX idx_trips_user_id (user_id), CONSTRAINT fk_trips_user FOREIGN KEY (user_id) REFERENCES users(id) ON DELETE CASCADE ON UPDATE CASCADE ) ENGINE=InnoDB CHARACTER SET utf8mb4 COLLATE utf8mb4_unicode_ci; params=[]
[2025-08-11 17:37:44.604] [::1] [INFO] SQL.exec qid=268cc8b1 ok elapsed_ms=66 affected=0
[2025-08-11 17:37:44.605] [::1] [INFO] SQL.prepare qid=a275a481 sql=CREATE TABLE IF NOT EXISTS media ( id INT AUTO_INCREMENT PRIMARY KEY, trip_id INT NOT NULL, media_type VARCHAR(100) NOT NULL, full_name VARCHAR(1024) NOT NULL, created_at DATETIME DEFAULT CURRENT_TIMESTAMP, updated_at DATETIME DEFAULT CURRENT_TIMESTAMP ON UPDATE CURRENT_TIMESTAMP, INDEX idx_media_trip_id (trip_id), CONSTRAINT fk_media_trip FOREIGN KEY (trip_id) REFERENCES trips(id) ON DELETE CASCADE ON UPDATE CASCADE ) ENGINE=InnoDB CHARACTER SET utf8mb4 COLLATE utf8mb4_unicode_ci; params=[]
[2025-08-11 17:37:44.675] [::1] [INFO] SQL.exec qid=a275a481 ok elapsed_ms=69 affected=0
[2025-08-11 17:37:44.675] [::1] [INFO] trip rid=099607b2 start method=GET ct="" uid=2
[2025-08-11 17:37:44.676] [::1] [INFO] trip rid=099607b2 list page=1 per=10
[2025-08-11 17:37:44.676] [::1] [INFO] SQL.prepare qid=db902971 sql=SELECT COUNT(*) AS cnt FROM trips WHERE user_id = ? params=[2]
[2025-08-11 17:37:44.742] [::1] [INFO] SQL.select qid=db902971 ok elapsed_ms=66 rows=1
[2025-08-11 17:37:44.743] [::1] [INFO] SQL.prepare qid=9bb9458a sql=SELECT * FROM trips WHERE user_id = ? ORDER BY created_at DESC LIMIT 10 OFFSET 0 params=[2]
[2025-08-11 17:37:44.813] [::1] [INFO] SQL.select qid=9bb9458a ok elapsed_ms=70 rows=6
[2025-08-11 17:37:44.814] [::1] [INFO] SQL.prepare qid=b9138645 sql=SELECT trip_id, id, media_type, full_name FROM media WHERE trip_id IN (?,?,?,?,?,?) ORDER BY id ASC params=["6","5","4","3","2","1"]
[2025-08-11 17:37:44.882] [::1] [INFO] SQL.select qid=b9138645 ok elapsed_ms=69 rows=8
[2025-08-11 17:37:44.883] [::1] [INFO] trip rid=099607b2 list_ok page=1 per=10 total=6 items=6
