[2025-08-12 08:34:10.334] [::1] [INFO] DB.connect2 start dsn=mysql:host=68.183.222.202;port=3306;dbname=TrevaDB;charset=utf8mb4 user=aybekcankaya1
[2025-08-12 08:34:10.554] [::1] [INFO] DB.connect2 success dsn=mysql:host=68.183.222.202;port=3306;dbname=TrevaDB;charset=utf8mb4
[2025-08-12 08:34:10.557] [::1] [INFO] SQL.prepare qid=086b54d2 sql=DROP TABLE IF EXISTS media params=[]
[2025-08-12 08:34:10.642] [::1] [INFO] SQL.exec qid=086b54d2 ok elapsed_ms=83 affected=0
[2025-08-12 08:34:10.644] [::1] [INFO] SQL.prepare qid=3ec29161 sql=DROP TABLE IF EXISTS trips params=[]
[2025-08-12 08:34:10.737] [::1] [INFO] SQL.exec qid=3ec29161 ok elapsed_ms=92 affected=0
[2025-08-12 08:34:10.738] [::1] [INFO] SQL.prepare qid=ac46082b sql=DROP TABLE IF EXISTS user_follow params=[]
[2025-08-12 08:34:10.814] [::1] [INFO] SQL.exec qid=ac46082b ok elapsed_ms=75 affected=0
[2025-08-12 08:34:10.814] [::1] [INFO] SQL.prepare qid=9125d3a2 sql=DROP TABLE IF EXISTS users params=[]
[2025-08-12 08:34:10.897] [::1] [INFO] SQL.exec qid=9125d3a2 ok elapsed_ms=83 affected=0
[2025-08-12 08:34:10.898] [::1] [INFO] SQL.prepare qid=7f74701b sql=CREATE TABLE IF NOT EXISTS users ( id INT AUTO_INCREMENT PRIMARY KEY, name VARCHAR(100), surname VARCHAR(100), email VARCHAR(255) NOT NULL UNIQUE, phone VARCHAR(50), password VARCHAR(255), google_id VARCHAR(255) UNIQUE, username VARCHAR(50) UNIQUE, bio VARCHAR(300), avatar_url VARCHAR(255), is_private TINYINT(1) NOT NULL DEFAULT 0, created_at DATETIME DEFAULT CURRENT_TIMESTAMP, updated_at DATETIME DEFAULT CURRENT_TIMESTAMP ON UPDATE CURRENT_TIMESTAMP, deleted_at DATETIME NULL ) ENGINE=InnoDB CHARACTER SET utf8mb4 COLLATE utf8mb4_unicode_ci; params=[]
[2025-08-12 08:34:11.021] [::1] [INFO] SQL.exec qid=7f74701b ok elapsed_ms=122 affected=0
[2025-08-12 08:34:11.023] [::1] [INFO] SQL.prepare qid=774d6220 sql=CREATE TABLE IF NOT EXISTS trips ( id INT AUTO_INCREMENT PRIMARY KEY, title VARCHAR(255) NOT NULL, description TEXT NULL, latitude DECIMAL(9,6) NOT NULL, longitude DECIMAL(9,6) NOT NULL, user_id INT NOT NULL, created_at DATETIME DEFAULT CURRENT_TIMESTAMP, updated_at DATETIME DEFAULT CURRENT_TIMESTAMP ON UPDATE CURRENT_TIMESTAMP, INDEX idx_trips_user_id (user_id), CONSTRAINT fk_trips_user FOREIGN KEY (user_id) REFERENCES users(id) ON DELETE CASCADE ON UPDATE CASCADE ) ENGINE=InnoDB CHARACTER SET utf8mb4 COLLATE utf8mb4_unicode_ci; params=[]
[2025-08-12 08:34:11.137] [::1] [INFO] SQL.exec qid=774d6220 ok elapsed_ms=114 affected=0
[2025-08-12 08:34:11.138] [::1] [INFO] SQL.prepare qid=cd20471e sql=CREATE TABLE IF NOT EXISTS media ( id INT AUTO_INCREMENT PRIMARY KEY, trip_id INT NOT NULL, media_type VARCHAR(100) NOT NULL, full_name VARCHAR(1024) NOT NULL, created_at DATETIME DEFAULT CURRENT_TIMESTAMP, updated_at DATETIME DEFAULT CURRENT_TIMESTAMP ON UPDATE CURRENT_TIMESTAMP, INDEX idx_media_trip_id (trip_id), CONSTRAINT fk_media_trip FOREIGN KEY (trip_id) REFERENCES trips(id) ON DELETE CASCADE ON UPDATE CASCADE ) ENGINE=InnoDB CHARACTER SET utf8mb4 COLLATE utf8mb4_unicode_ci; params=[]
[2025-08-12 08:34:11.241] [::1] [INFO] SQL.exec qid=cd20471e ok elapsed_ms=103 affected=0
[2025-08-12 08:34:11.253] [::1] [INFO] trip rid= start method=GET ct="" uid=2
[2025-08-12 08:34:11.253] [::1] [INFO] trip rid= list page=1 per=10
[2025-08-12 08:34:11.254] [::1] [INFO] SQL.prepare qid=7ed04db4 sql=SELECT COUNT(*) AS cnt FROM trips WHERE user_id = ? params=[2]
[2025-08-12 08:34:11.324] [::1] [INFO] SQL.select qid=7ed04db4 ok elapsed_ms=69 rows=1
[2025-08-12 08:34:11.325] [::1] [INFO] SQL.prepare qid=b1903256 sql=SELECT * FROM trips WHERE user_id = ? ORDER BY created_at DESC LIMIT 10 OFFSET 0 params=[2]
[2025-08-12 08:34:11.394] [::1] [INFO] SQL.select qid=b1903256 ok elapsed_ms=69 rows=0
[2025-08-12 08:34:11.397] [::1] [INFO] trip rid= list_ok page=1 per=10 total=0 items=0
[2025-08-12 08:34:21.426] [::1] [INFO] DB.connect2 start dsn=mysql:host=68.183.222.202;port=3306;dbname=TrevaDB;charset=utf8mb4 user=aybekcankaya1
[2025-08-12 08:34:21.655] [::1] [INFO] DB.connect2 success dsn=mysql:host=68.183.222.202;port=3306;dbname=TrevaDB;charset=utf8mb4
[2025-08-12 08:34:21.657] [::1] [INFO] SQL.prepare qid=d98b6746 sql=DROP TABLE IF EXISTS media params=[]
[2025-08-12 08:34:21.756] [::1] [INFO] SQL.exec qid=d98b6746 ok elapsed_ms=98 affected=0
[2025-08-12 08:34:21.757] [::1] [INFO] SQL.prepare qid=7ca39310 sql=DROP TABLE IF EXISTS trips params=[]
[2025-08-12 08:34:21.841] [::1] [INFO] SQL.exec qid=7ca39310 ok elapsed_ms=84 affected=0
[2025-08-12 08:34:21.842] [::1] [INFO] SQL.prepare qid=ffd438ff sql=DROP TABLE IF EXISTS user_follow params=[]
[2025-08-12 08:34:21.916] [::1] [INFO] SQL.exec qid=ffd438ff ok elapsed_ms=74 affected=0
[2025-08-12 08:34:21.919] [::1] [INFO] SQL.prepare qid=07a50980 sql=DROP TABLE IF EXISTS users params=[]
[2025-08-12 08:34:22.002] [::1] [INFO] SQL.exec qid=07a50980 ok elapsed_ms=83 affected=0
[2025-08-12 08:34:22.003] [::1] [INFO] SQL.prepare qid=3a104e2a sql=CREATE TABLE IF NOT EXISTS users ( id INT AUTO_INCREMENT PRIMARY KEY, name VARCHAR(100), surname VARCHAR(100), email VARCHAR(255) NOT NULL UNIQUE, phone VARCHAR(50), password VARCHAR(255), google_id VARCHAR(255) UNIQUE, username VARCHAR(50) UNIQUE, bio VARCHAR(300), avatar_url VARCHAR(255), is_private TINYINT(1) NOT NULL DEFAULT 0, created_at DATETIME DEFAULT CURRENT_TIMESTAMP, updated_at DATETIME DEFAULT CURRENT_TIMESTAMP ON UPDATE CURRENT_TIMESTAMP, deleted_at DATETIME NULL ) ENGINE=InnoDB CHARACTER SET utf8mb4 COLLATE utf8mb4_unicode_ci; params=[]
[2025-08-12 08:34:22.113] [::1] [INFO] SQL.exec qid=3a104e2a ok elapsed_ms=110 affected=0
[2025-08-12 08:34:22.115] [::1] [INFO] SQL.prepare qid=fcad5c8c sql=CREATE TABLE IF NOT EXISTS trips ( id INT AUTO_INCREMENT PRIMARY KEY, title VARCHAR(255) NOT NULL, description TEXT NULL, latitude DECIMAL(9,6) NOT NULL, longitude DECIMAL(9,6) NOT NULL, user_id INT NOT NULL, created_at DATETIME DEFAULT CURRENT_TIMESTAMP, updated_at DATETIME DEFAULT CURRENT_TIMESTAMP ON UPDATE CURRENT_TIMESTAMP, INDEX idx_trips_user_id (user_id), CONSTRAINT fk_trips_user FOREIGN KEY (user_id) REFERENCES users(id) ON DELETE CASCADE ON UPDATE CASCADE ) ENGINE=InnoDB CHARACTER SET utf8mb4 COLLATE utf8mb4_unicode_ci; params=[]
[2025-08-12 08:34:22.212] [::1] [INFO] SQL.exec qid=fcad5c8c ok elapsed_ms=97 affected=0
[2025-08-12 08:34:22.213] [::1] [INFO] SQL.prepare qid=204ba32d sql=CREATE TABLE IF NOT EXISTS media ( id INT AUTO_INCREMENT PRIMARY KEY, trip_id INT NOT NULL, media_type VARCHAR(100) NOT NULL, full_name VARCHAR(1024) NOT NULL, created_at DATETIME DEFAULT CURRENT_TIMESTAMP, updated_at DATETIME DEFAULT CURRENT_TIMESTAMP ON UPDATE CURRENT_TIMESTAMP, INDEX idx_media_trip_id (trip_id), CONSTRAINT fk_media_trip FOREIGN KEY (trip_id) REFERENCES trips(id) ON DELETE CASCADE ON UPDATE CASCADE ) ENGINE=InnoDB CHARACTER SET utf8mb4 COLLATE utf8mb4_unicode_ci; params=[]
[2025-08-12 08:34:22.325] [::1] [INFO] SQL.exec qid=204ba32d ok elapsed_ms=104 affected=0
[2025-08-12 08:34:22.333] [::1] [INFO] SQL.prepare qid=6b80660b sql=SELECT id FROM users WHERE email = ? AND deleted_at IS NULL params=["ac***@deneme.com"]
[2025-08-12 08:34:22.408] [::1] [INFO] SQL.select qid=6b80660b ok elapsed_ms=75 rows=0
[2025-08-12 08:34:22.623] [::1] [INFO] SQL.prepare qid=591b837d sql=INSERT INTO users (name, surname, email, phone, password, google_id, username, bio, avatar_url, is_private) VALUES (?, ?, ?, ?, ?, ?, ?, ?, ?, ?) params=[null,"ac***@deneme.com","$2y$10$jMR3E.0hV\/\/j0I4yAnRfXurpv8rTJEcLiYvWgHlW.nJ6Zc0UBKDuO",null]
[2025-08-12 08:34:22.624] [::1] [ERROR] SQL.error qid=591b837d code=HY093 msg=SQLSTATE[HY093]: Invalid parameter number: number of bound variables does not match number of tokens sql=INSERT INTO users (name, surname, email, phone, password, google_id, username, bio, avatar_url, is_private) VALUES (?, ?, ?, ?, ?, ?, ?, ?, ?, ?) params=[null,"ac***@deneme.com","$2y$10$jMR3E.0hV\/\/j0I4yAnRfXurpv8rTJEcLiYvWgHlW.nJ6Zc0UBKDuO",null]
[2025-08-12 08:40:38.578] [::1] [INFO] DB.connect2 start dsn=mysql:host=68.183.222.202;port=3306;dbname=TrevaDB;charset=utf8mb4 user=aybekcankaya1
[2025-08-12 08:40:38.776] [::1] [INFO] DB.connect2 success dsn=mysql:host=68.183.222.202;port=3306;dbname=TrevaDB;charset=utf8mb4
[2025-08-12 08:40:38.778] [::1] [INFO] SQL.prepare qid=49b44e65 sql=DROP TABLE IF EXISTS media params=[]
[2025-08-12 08:40:38.866] [::1] [INFO] SQL.exec qid=49b44e65 ok elapsed_ms=86 affected=0
[2025-08-12 08:40:38.868] [::1] [INFO] SQL.prepare qid=a50fbdf5 sql=DROP TABLE IF EXISTS trips params=[]
[2025-08-12 08:40:38.958] [::1] [INFO] SQL.exec qid=a50fbdf5 ok elapsed_ms=90 affected=0
[2025-08-12 08:40:38.959] [::1] [INFO] SQL.prepare qid=63d688d2 sql=DROP TABLE IF EXISTS user_follow params=[]
[2025-08-12 08:40:39.030] [::1] [INFO] SQL.exec qid=63d688d2 ok elapsed_ms=70 affected=0
[2025-08-12 08:40:39.032] [::1] [INFO] SQL.prepare qid=039d4eba sql=DROP TABLE IF EXISTS users params=[]
[2025-08-12 08:40:39.114] [::1] [INFO] SQL.exec qid=039d4eba ok elapsed_ms=82 affected=0
[2025-08-12 08:40:39.116] [::1] [INFO] SQL.prepare qid=372dc919 sql=CREATE TABLE IF NOT EXISTS users ( id INT AUTO_INCREMENT PRIMARY KEY, name VARCHAR(100) NULL, surname VARCHAR(100) NULL, email VARCHAR(255) NULL, phone VARCHAR(50) NULL, password VARCHAR(255) NULL, google_id VARCHAR(255) NULL, username VARCHAR(50) NULL, bio VARCHAR(300) NULL, avatar_url VARCHAR(255) NULL, is_private TINYINT(1) NULL DEFAULT NULL, created_at DATETIME DEFAULT CURRENT_TIMESTAMP, updated_at DATETIME DEFAULT CURRENT_TIMESTAMP ON UPDATE CURRENT_TIMESTAMP, deleted_at DATETIME NULL, UNIQUE KEY uq_users_email (email), UNIQUE KEY uq_users_google (google_id), UNIQUE KEY uq_users_username (username) ) ENGINE=InnoDB CHARACTER SET utf8mb4 COLLATE utf8mb4_unicode_ci; params=[]
[2025-08-12 08:40:39.218] [::1] [INFO] SQL.exec qid=372dc919 ok elapsed_ms=102 affected=0
[2025-08-12 08:40:39.220] [::1] [INFO] SQL.prepare qid=6935c9b2 sql=CREATE TABLE IF NOT EXISTS trips ( id INT AUTO_INCREMENT PRIMARY KEY, title VARCHAR(255) NOT NULL, description TEXT NULL, latitude DECIMAL(9,6) NOT NULL, longitude DECIMAL(9,6) NOT NULL, user_id INT NOT NULL, created_at DATETIME DEFAULT CURRENT_TIMESTAMP, updated_at DATETIME DEFAULT CURRENT_TIMESTAMP ON UPDATE CURRENT_TIMESTAMP, INDEX idx_trips_user_id (user_id), CONSTRAINT fk_trips_user FOREIGN KEY (user_id) REFERENCES users(id) ON DELETE CASCADE ON UPDATE CASCADE ) ENGINE=InnoDB CHARACTER SET utf8mb4 COLLATE utf8mb4_unicode_ci; params=[]
[2025-08-12 08:40:39.317] [::1] [INFO] SQL.exec qid=6935c9b2 ok elapsed_ms=97 affected=0
[2025-08-12 08:40:39.318] [::1] [INFO] SQL.prepare qid=c9459a48 sql=CREATE TABLE IF NOT EXISTS media ( id INT AUTO_INCREMENT PRIMARY KEY, trip_id INT NOT NULL, media_type VARCHAR(100) NOT NULL, full_name VARCHAR(1024) NOT NULL, created_at DATETIME DEFAULT CURRENT_TIMESTAMP, updated_at DATETIME DEFAULT CURRENT_TIMESTAMP ON UPDATE CURRENT_TIMESTAMP, INDEX idx_media_trip_id (trip_id), CONSTRAINT fk_media_trip FOREIGN KEY (trip_id) REFERENCES trips(id) ON DELETE CASCADE ON UPDATE CASCADE ) ENGINE=InnoDB CHARACTER SET utf8mb4 COLLATE utf8mb4_unicode_ci; params=[]
[2025-08-12 08:40:39.418] [::1] [INFO] SQL.exec qid=c9459a48 ok elapsed_ms=100 affected=0
[2025-08-12 08:40:39.422] [::1] [INFO] SQL.prepare qid=fd3f0caf sql=CREATE TABLE IF NOT EXISTS user_follow ( follower_id INT NOT NULL, following_id INT NOT NULL, created_at DATETIME NOT NULL DEFAULT CURRENT_TIMESTAMP, PRIMARY KEY (follower_id, following_id), KEY idx_following (following_id), CONSTRAINT fk_follow_follower FOREIGN KEY (follower_id) REFERENCES users(id) ON DELETE CASCADE ON UPDATE CASCADE, CONSTRAINT fk_follow_following FOREIGN KEY (following_id) REFERENCES users(id) ON DELETE CASCADE ON UPDATE CASCADE ) ENGINE=InnoDB CHARACTER SET utf8mb4 COLLATE utf8mb4_unicode_ci; params=[]
[2025-08-12 08:40:39.516] [::1] [INFO] SQL.exec qid=fd3f0caf ok elapsed_ms=93 affected=0
[2025-08-12 08:40:39.519] [::1] [INFO] SQL.prepare qid=4090c977 sql=SELECT id FROM users WHERE email = ? AND deleted_at IS NULL params=["ac***@deneme.com"]
[2025-08-12 08:40:39.589] [::1] [INFO] SQL.select qid=4090c977 ok elapsed_ms=69 rows=0
[2025-08-12 08:40:39.809] [::1] [INFO] SQL.prepare qid=66dc20e2 sql=INSERT INTO users (name, surname, email, phone, password, google_id, username, bio, avatar_url, is_private) VALUES (?, ?, ?, ?, ?, ?, ?, ?, ?, ?) params=[null,"ac***@deneme.com","$2y$10$uG.ppDeNuXt5R1xRNNmzxuFrbcJCzSnRgrvFIcUkJUUTNlpUcrGxm",null]
[2025-08-12 08:40:39.810] [::1] [ERROR] SQL.error qid=66dc20e2 code=HY093 msg=SQLSTATE[HY093]: Invalid parameter number: number of bound variables does not match number of tokens sql=INSERT INTO users (name, surname, email, phone, password, google_id, username, bio, avatar_url, is_private) VALUES (?, ?, ?, ?, ?, ?, ?, ?, ?, ?) params=[null,"ac***@deneme.com","$2y$10$uG.ppDeNuXt5R1xRNNmzxuFrbcJCzSnRgrvFIcUkJUUTNlpUcrGxm",null]
[2025-08-12 08:46:37.122] [::1] [INFO] DB.connect2 start dsn=mysql:host=68.183.222.202;port=3306;dbname=TrevaDB;charset=utf8mb4 user=aybekcankaya1
[2025-08-12 08:46:37.501] [::1] [INFO] DB.connect2 success dsn=mysql:host=68.183.222.202;port=3306;dbname=TrevaDB;charset=utf8mb4
[2025-08-12 08:46:37.507] [::1] [INFO] SQL.prepare qid=a1027df7 sql=DROP TABLE IF EXISTS media params=[]
[2025-08-12 08:46:37.687] [::1] [INFO] SQL.exec qid=a1027df7 ok elapsed_ms=178 affected=0
[2025-08-12 08:46:37.688] [::1] [INFO] SQL.prepare qid=81e507c4 sql=DROP TABLE IF EXISTS trips params=[]
[2025-08-12 08:46:37.874] [::1] [INFO] SQL.exec qid=81e507c4 ok elapsed_ms=185 affected=0
[2025-08-12 08:46:37.875] [::1] [INFO] SQL.prepare qid=43f9d5a5 sql=DROP TABLE IF EXISTS user_follow params=[]
[2025-08-12 08:46:37.984] [::1] [INFO] SQL.exec qid=43f9d5a5 ok elapsed_ms=109 affected=0
[2025-08-12 08:46:37.987] [::1] [INFO] SQL.prepare qid=2cd8d9ce sql=DROP TABLE IF EXISTS users params=[]
[2025-08-12 08:46:38.099] [::1] [INFO] SQL.exec qid=2cd8d9ce ok elapsed_ms=112 affected=0
[2025-08-12 08:46:38.099] [::1] [INFO] SQL.prepare qid=89ff5c25 sql=CREATE TABLE IF NOT EXISTS users ( id INT AUTO_INCREMENT PRIMARY KEY, name VARCHAR(100) NULL, surname VARCHAR(100) NULL, email VARCHAR(255) NULL, phone VARCHAR(50) NULL, password VARCHAR(255) NULL, google_id VARCHAR(255) NULL, username VARCHAR(50) NULL, bio VARCHAR(300) NULL, avatar_url VARCHAR(255) NULL, is_private TINYINT(1) NULL DEFAULT NULL, created_at DATETIME DEFAULT CURRENT_TIMESTAMP, updated_at DATETIME DEFAULT CURRENT_TIMESTAMP ON UPDATE CURRENT_TIMESTAMP, deleted_at DATETIME NULL, UNIQUE KEY uq_users_email (email), UNIQUE KEY uq_users_google (google_id), UNIQUE KEY uq_users_username (username) ) ENGINE=InnoDB CHARACTER SET utf8mb4 COLLATE utf8mb4_unicode_ci; params=[]
[2025-08-12 08:46:38.240] [::1] [INFO] SQL.exec qid=89ff5c25 ok elapsed_ms=140 affected=0
[2025-08-12 08:46:38.241] [::1] [INFO] SQL.prepare qid=e456c1de sql=CREATE TABLE IF NOT EXISTS trips ( id INT AUTO_INCREMENT PRIMARY KEY, title VARCHAR(255) NOT NULL, description TEXT NULL, latitude DECIMAL(9,6) NOT NULL, longitude DECIMAL(9,6) NOT NULL, user_id INT NOT NULL, created_at DATETIME DEFAULT CURRENT_TIMESTAMP, updated_at DATETIME DEFAULT CURRENT_TIMESTAMP ON UPDATE CURRENT_TIMESTAMP, INDEX idx_trips_user_id (user_id), CONSTRAINT fk_trips_user FOREIGN KEY (user_id) REFERENCES users(id) ON DELETE CASCADE ON UPDATE CASCADE ) ENGINE=InnoDB CHARACTER SET utf8mb4 COLLATE utf8mb4_unicode_ci; params=[]
[2025-08-12 08:46:38.392] [::1] [INFO] SQL.exec qid=e456c1de ok elapsed_ms=152 affected=0
[2025-08-12 08:46:38.393] [::1] [INFO] SQL.prepare qid=f91b81aa sql=CREATE TABLE IF NOT EXISTS media ( id INT AUTO_INCREMENT PRIMARY KEY, trip_id INT NOT NULL, media_type VARCHAR(100) NOT NULL, full_name VARCHAR(1024) NOT NULL, created_at DATETIME DEFAULT CURRENT_TIMESTAMP, updated_at DATETIME DEFAULT CURRENT_TIMESTAMP ON UPDATE CURRENT_TIMESTAMP, INDEX idx_media_trip_id (trip_id), CONSTRAINT fk_media_trip FOREIGN KEY (trip_id) REFERENCES trips(id) ON DELETE CASCADE ON UPDATE CASCADE ) ENGINE=InnoDB CHARACTER SET utf8mb4 COLLATE utf8mb4_unicode_ci; params=[]
[2025-08-12 08:46:38.529] [::1] [INFO] SQL.exec qid=f91b81aa ok elapsed_ms=136 affected=0
[2025-08-12 08:46:38.530] [::1] [INFO] SQL.prepare qid=ac1d5285 sql=CREATE TABLE IF NOT EXISTS user_follow ( follower_id INT NOT NULL, following_id INT NOT NULL, created_at DATETIME NOT NULL DEFAULT CURRENT_TIMESTAMP, PRIMARY KEY (follower_id, following_id), KEY idx_following (following_id), CONSTRAINT fk_follow_follower FOREIGN KEY (follower_id) REFERENCES users(id) ON DELETE CASCADE ON UPDATE CASCADE, CONSTRAINT fk_follow_following FOREIGN KEY (following_id) REFERENCES users(id) ON DELETE CASCADE ON UPDATE CASCADE ) ENGINE=InnoDB CHARACTER SET utf8mb4 COLLATE utf8mb4_unicode_ci; params=[]
[2025-08-12 08:46:38.672] [::1] [INFO] SQL.exec qid=ac1d5285 ok elapsed_ms=142 affected=0
[2025-08-12 08:46:38.677] [::1] [INFO] SQL.prepare qid=1837ce26 sql=SELECT id FROM users WHERE email = ? AND deleted_at IS NULL params=["ac***@deneme.com"]
[2025-08-12 08:46:38.774] [::1] [INFO] SQL.select qid=1837ce26 ok elapsed_ms=96 rows=0
[2025-08-12 08:46:38.979] [::1] [INFO] SQL.prepare qid=3c6e5528 sql=INSERT INTO users (name, email, password, google_id) VALUES (?, ?, ?, ?) params=[null,"ac***@deneme.com","$2y$10$brYA4KopJR3M8r15N5TI2.y6Pe2RILakjhhVohfhQhzndvjELuPsW",null]
[2025-08-12 08:46:39.074] [::1] [INFO] SQL.exec qid=3c6e5528 ok elapsed_ms=95 affected=1 last_id=1
[2025-08-12 08:46:39.074] [::1] [INFO] SQL.prepare qid=24786483 sql=SELECT id FROM users WHERE email = ? params=["ac***@deneme.com"]
[2025-08-12 08:46:39.214] [::1] [INFO] SQL.select qid=24786483 ok elapsed_ms=139 rows=1
[2025-08-12 08:46:43.081] [::1] [INFO] DB.connect2 start dsn=mysql:host=68.183.222.202;port=3306;dbname=TrevaDB;charset=utf8mb4 user=aybekcankaya1
[2025-08-12 08:46:43.290] [::1] [INFO] DB.connect2 success dsn=mysql:host=68.183.222.202;port=3306;dbname=TrevaDB;charset=utf8mb4
[2025-08-12 08:46:43.291] [::1] [INFO] SQL.prepare qid=5e8445de sql=DROP TABLE IF EXISTS media params=[]
[2025-08-12 08:46:43.385] [::1] [INFO] SQL.exec qid=5e8445de ok elapsed_ms=94 affected=0
[2025-08-12 08:46:43.387] [::1] [INFO] SQL.prepare qid=edf8a858 sql=DROP TABLE IF EXISTS trips params=[]
[2025-08-12 08:46:43.474] [::1] [INFO] SQL.exec qid=edf8a858 ok elapsed_ms=87 affected=0
[2025-08-12 08:46:43.475] [::1] [INFO] SQL.prepare qid=7c392870 sql=DROP TABLE IF EXISTS user_follow params=[]
[2025-08-12 08:46:43.561] [::1] [INFO] SQL.exec qid=7c392870 ok elapsed_ms=86 affected=0
[2025-08-12 08:46:43.562] [::1] [INFO] SQL.prepare qid=8a714dbe sql=DROP TABLE IF EXISTS users params=[]
[2025-08-12 08:46:43.649] [::1] [INFO] SQL.exec qid=8a714dbe ok elapsed_ms=87 affected=0
[2025-08-12 08:46:43.649] [::1] [INFO] SQL.prepare qid=72b8f8ae sql=CREATE TABLE IF NOT EXISTS users ( id INT AUTO_INCREMENT PRIMARY KEY, name VARCHAR(100) NULL, surname VARCHAR(100) NULL, email VARCHAR(255) NULL, phone VARCHAR(50) NULL, password VARCHAR(255) NULL, google_id VARCHAR(255) NULL, username VARCHAR(50) NULL, bio VARCHAR(300) NULL, avatar_url VARCHAR(255) NULL, is_private TINYINT(1) NULL DEFAULT NULL, created_at DATETIME DEFAULT CURRENT_TIMESTAMP, updated_at DATETIME DEFAULT CURRENT_TIMESTAMP ON UPDATE CURRENT_TIMESTAMP, deleted_at DATETIME NULL, UNIQUE KEY uq_users_email (email), UNIQUE KEY uq_users_google (google_id), UNIQUE KEY uq_users_username (username) ) ENGINE=InnoDB CHARACTER SET utf8mb4 COLLATE utf8mb4_unicode_ci; params=[]
[2025-08-12 08:46:43.787] [::1] [INFO] SQL.exec qid=72b8f8ae ok elapsed_ms=138 affected=0
[2025-08-12 08:46:43.789] [::1] [INFO] SQL.prepare qid=d64d6036 sql=CREATE TABLE IF NOT EXISTS trips ( id INT AUTO_INCREMENT PRIMARY KEY, title VARCHAR(255) NOT NULL, description TEXT NULL, latitude DECIMAL(9,6) NOT NULL, longitude DECIMAL(9,6) NOT NULL, user_id INT NOT NULL, created_at DATETIME DEFAULT CURRENT_TIMESTAMP, updated_at DATETIME DEFAULT CURRENT_TIMESTAMP ON UPDATE CURRENT_TIMESTAMP, INDEX idx_trips_user_id (user_id), CONSTRAINT fk_trips_user FOREIGN KEY (user_id) REFERENCES users(id) ON DELETE CASCADE ON UPDATE CASCADE ) ENGINE=InnoDB CHARACTER SET utf8mb4 COLLATE utf8mb4_unicode_ci; params=[]
[2025-08-12 08:46:43.912] [::1] [INFO] SQL.exec qid=d64d6036 ok elapsed_ms=123 affected=0
[2025-08-12 08:46:43.914] [::1] [INFO] SQL.prepare qid=ff3ab200 sql=CREATE TABLE IF NOT EXISTS media ( id INT AUTO_INCREMENT PRIMARY KEY, trip_id INT NOT NULL, media_type VARCHAR(100) NOT NULL, full_name VARCHAR(1024) NOT NULL, created_at DATETIME DEFAULT CURRENT_TIMESTAMP, updated_at DATETIME DEFAULT CURRENT_TIMESTAMP ON UPDATE CURRENT_TIMESTAMP, INDEX idx_media_trip_id (trip_id), CONSTRAINT fk_media_trip FOREIGN KEY (trip_id) REFERENCES trips(id) ON DELETE CASCADE ON UPDATE CASCADE ) ENGINE=InnoDB CHARACTER SET utf8mb4 COLLATE utf8mb4_unicode_ci; params=[]
[2025-08-12 08:46:44.014] [::1] [INFO] SQL.exec qid=ff3ab200 ok elapsed_ms=100 affected=0
[2025-08-12 08:46:44.015] [::1] [INFO] SQL.prepare qid=b26837ad sql=CREATE TABLE IF NOT EXISTS user_follow ( follower_id INT NOT NULL, following_id INT NOT NULL, created_at DATETIME NOT NULL DEFAULT CURRENT_TIMESTAMP, PRIMARY KEY (follower_id, following_id), KEY idx_following (following_id), CONSTRAINT fk_follow_follower FOREIGN KEY (follower_id) REFERENCES users(id) ON DELETE CASCADE ON UPDATE CASCADE, CONSTRAINT fk_follow_following FOREIGN KEY (following_id) REFERENCES users(id) ON DELETE CASCADE ON UPDATE CASCADE ) ENGINE=InnoDB CHARACTER SET utf8mb4 COLLATE utf8mb4_unicode_ci; params=[]
[2025-08-12 08:46:44.108] [::1] [INFO] SQL.exec qid=b26837ad ok elapsed_ms=92 affected=0
[2025-08-12 08:46:44.110] [::1] [INFO] SQL.prepare qid=04592a66 sql=SELECT id FROM users WHERE email = ? AND deleted_at IS NULL params=["ac***@deneme.com"]
[2025-08-12 08:46:44.178] [::1] [INFO] SQL.select qid=04592a66 ok elapsed_ms=67 rows=0
[2025-08-12 08:46:44.393] [::1] [INFO] SQL.prepare qid=d64ae132 sql=INSERT INTO users (name, email, password, google_id) VALUES (?, ?, ?, ?) params=[null,"ac***@deneme.com","$2y$10$eYe0xazr6XAuJdFynr6R0esWheO7dF5orRJ6GapJQ24ByLt4V8.JO",null]
[2025-08-12 08:46:44.482] [::1] [INFO] SQL.exec qid=d64ae132 ok elapsed_ms=88 affected=1 last_id=1
[2025-08-12 08:46:44.482] [::1] [INFO] SQL.prepare qid=aa0643b2 sql=SELECT id FROM users WHERE email = ? params=["ac***@deneme.com"]
[2025-08-12 08:46:44.575] [::1] [INFO] SQL.select qid=aa0643b2 ok elapsed_ms=93 rows=1
[2025-08-12 08:47:22.399] [::1] [INFO] DB.connect2 start dsn=mysql:host=68.183.222.202;port=3306;dbname=TrevaDB;charset=utf8mb4 user=aybekcankaya1
[2025-08-12 08:47:22.597] [::1] [INFO] DB.connect2 success dsn=mysql:host=68.183.222.202;port=3306;dbname=TrevaDB;charset=utf8mb4
[2025-08-12 08:47:22.599] [::1] [INFO] SQL.prepare qid=831c66b9 sql=CREATE TABLE IF NOT EXISTS users ( id INT AUTO_INCREMENT PRIMARY KEY, name VARCHAR(100) NULL, surname VARCHAR(100) NULL, email VARCHAR(255) NULL, phone VARCHAR(50) NULL, password VARCHAR(255) NULL, google_id VARCHAR(255) NULL, username VARCHAR(50) NULL, bio VARCHAR(300) NULL, avatar_url VARCHAR(255) NULL, is_private TINYINT(1) NULL DEFAULT NULL, created_at DATETIME DEFAULT CURRENT_TIMESTAMP, updated_at DATETIME DEFAULT CURRENT_TIMESTAMP ON UPDATE CURRENT_TIMESTAMP, deleted_at DATETIME NULL, UNIQUE KEY uq_users_email (email), UNIQUE KEY uq_users_google (google_id), UNIQUE KEY uq_users_username (username) ) ENGINE=InnoDB CHARACTER SET utf8mb4 COLLATE utf8mb4_unicode_ci; params=[]
[2025-08-12 08:47:22.671] [::1] [INFO] SQL.exec qid=831c66b9 ok elapsed_ms=72 affected=0
[2025-08-12 08:47:22.673] [::1] [INFO] SQL.prepare qid=8e5fdbfe sql=CREATE TABLE IF NOT EXISTS trips ( id INT AUTO_INCREMENT PRIMARY KEY, title VARCHAR(255) NOT NULL, description TEXT NULL, latitude DECIMAL(9,6) NOT NULL, longitude DECIMAL(9,6) NOT NULL, user_id INT NOT NULL, created_at DATETIME DEFAULT CURRENT_TIMESTAMP, updated_at DATETIME DEFAULT CURRENT_TIMESTAMP ON UPDATE CURRENT_TIMESTAMP, INDEX idx_trips_user_id (user_id), CONSTRAINT fk_trips_user FOREIGN KEY (user_id) REFERENCES users(id) ON DELETE CASCADE ON UPDATE CASCADE ) ENGINE=InnoDB CHARACTER SET utf8mb4 COLLATE utf8mb4_unicode_ci; params=[]
[2025-08-12 08:47:22.749] [::1] [INFO] SQL.exec qid=8e5fdbfe ok elapsed_ms=76 affected=0
[2025-08-12 08:47:22.751] [::1] [INFO] SQL.prepare qid=ed73f493 sql=CREATE TABLE IF NOT EXISTS media ( id INT AUTO_INCREMENT PRIMARY KEY, trip_id INT NOT NULL, media_type VARCHAR(100) NOT NULL, full_name VARCHAR(1024) NOT NULL, created_at DATETIME DEFAULT CURRENT_TIMESTAMP, updated_at DATETIME DEFAULT CURRENT_TIMESTAMP ON UPDATE CURRENT_TIMESTAMP, INDEX idx_media_trip_id (trip_id), CONSTRAINT fk_media_trip FOREIGN KEY (trip_id) REFERENCES trips(id) ON DELETE CASCADE ON UPDATE CASCADE ) ENGINE=InnoDB CHARACTER SET utf8mb4 COLLATE utf8mb4_unicode_ci; params=[]
[2025-08-12 08:47:22.821] [::1] [INFO] SQL.exec qid=ed73f493 ok elapsed_ms=70 affected=0
[2025-08-12 08:47:22.823] [::1] [INFO] SQL.prepare qid=0d3ce3e5 sql=CREATE TABLE IF NOT EXISTS user_follow ( follower_id INT NOT NULL, following_id INT NOT NULL, created_at DATETIME NOT NULL DEFAULT CURRENT_TIMESTAMP, PRIMARY KEY (follower_id, following_id), KEY idx_following (following_id), CONSTRAINT fk_follow_follower FOREIGN KEY (follower_id) REFERENCES users(id) ON DELETE CASCADE ON UPDATE CASCADE, CONSTRAINT fk_follow_following FOREIGN KEY (following_id) REFERENCES users(id) ON DELETE CASCADE ON UPDATE CASCADE ) ENGINE=InnoDB CHARACTER SET utf8mb4 COLLATE utf8mb4_unicode_ci; params=[]
[2025-08-12 08:47:22.891] [::1] [INFO] SQL.exec qid=0d3ce3e5 ok elapsed_ms=67 affected=0
[2025-08-12 08:47:22.893] [::1] [INFO] SQL.prepare qid=4816b840 sql=SELECT id FROM users WHERE email = ? AND deleted_at IS NULL params=["ac***@deneme.com"]
[2025-08-12 08:47:22.979] [::1] [INFO] SQL.select qid=4816b840 ok elapsed_ms=84 rows=1
[2025-08-12 08:47:29.357] [::1] [INFO] DB.connect2 start dsn=mysql:host=68.183.222.202;port=3306;dbname=TrevaDB;charset=utf8mb4 user=aybekcankaya1
[2025-08-12 08:47:29.582] [::1] [INFO] DB.connect2 success dsn=mysql:host=68.183.222.202;port=3306;dbname=TrevaDB;charset=utf8mb4
[2025-08-12 08:47:29.584] [::1] [INFO] SQL.prepare qid=de44e27a sql=CREATE TABLE IF NOT EXISTS users ( id INT AUTO_INCREMENT PRIMARY KEY, name VARCHAR(100) NULL, surname VARCHAR(100) NULL, email VARCHAR(255) NULL, phone VARCHAR(50) NULL, password VARCHAR(255) NULL, google_id VARCHAR(255) NULL, username VARCHAR(50) NULL, bio VARCHAR(300) NULL, avatar_url VARCHAR(255) NULL, is_private TINYINT(1) NULL DEFAULT NULL, created_at DATETIME DEFAULT CURRENT_TIMESTAMP, updated_at DATETIME DEFAULT CURRENT_TIMESTAMP ON UPDATE CURRENT_TIMESTAMP, deleted_at DATETIME NULL, UNIQUE KEY uq_users_email (email), UNIQUE KEY uq_users_google (google_id), UNIQUE KEY uq_users_username (username) ) ENGINE=InnoDB CHARACTER SET utf8mb4 COLLATE utf8mb4_unicode_ci; params=[]
[2025-08-12 08:47:29.653] [::1] [INFO] SQL.exec qid=de44e27a ok elapsed_ms=69 affected=0
[2025-08-12 08:47:29.655] [::1] [INFO] SQL.prepare qid=76e55210 sql=CREATE TABLE IF NOT EXISTS trips ( id INT AUTO_INCREMENT PRIMARY KEY, title VARCHAR(255) NOT NULL, description TEXT NULL, latitude DECIMAL(9,6) NOT NULL, longitude DECIMAL(9,6) NOT NULL, user_id INT NOT NULL, created_at DATETIME DEFAULT CURRENT_TIMESTAMP, updated_at DATETIME DEFAULT CURRENT_TIMESTAMP ON UPDATE CURRENT_TIMESTAMP, INDEX idx_trips_user_id (user_id), CONSTRAINT fk_trips_user FOREIGN KEY (user_id) REFERENCES users(id) ON DELETE CASCADE ON UPDATE CASCADE ) ENGINE=InnoDB CHARACTER SET utf8mb4 COLLATE utf8mb4_unicode_ci; params=[]
[2025-08-12 08:47:29.732] [::1] [INFO] SQL.exec qid=76e55210 ok elapsed_ms=76 affected=0
[2025-08-12 08:47:29.734] [::1] [INFO] SQL.prepare qid=af641e5f sql=CREATE TABLE IF NOT EXISTS media ( id INT AUTO_INCREMENT PRIMARY KEY, trip_id INT NOT NULL, media_type VARCHAR(100) NOT NULL, full_name VARCHAR(1024) NOT NULL, created_at DATETIME DEFAULT CURRENT_TIMESTAMP, updated_at DATETIME DEFAULT CURRENT_TIMESTAMP ON UPDATE CURRENT_TIMESTAMP, INDEX idx_media_trip_id (trip_id), CONSTRAINT fk_media_trip FOREIGN KEY (trip_id) REFERENCES trips(id) ON DELETE CASCADE ON UPDATE CASCADE ) ENGINE=InnoDB CHARACTER SET utf8mb4 COLLATE utf8mb4_unicode_ci; params=[]
[2025-08-12 08:47:29.802] [::1] [INFO] SQL.exec qid=af641e5f ok elapsed_ms=68 affected=0
[2025-08-12 08:47:29.802] [::1] [INFO] SQL.prepare qid=1aeb84fd sql=CREATE TABLE IF NOT EXISTS user_follow ( follower_id INT NOT NULL, following_id INT NOT NULL, created_at DATETIME NOT NULL DEFAULT CURRENT_TIMESTAMP, PRIMARY KEY (follower_id, following_id), KEY idx_following (following_id), CONSTRAINT fk_follow_follower FOREIGN KEY (follower_id) REFERENCES users(id) ON DELETE CASCADE ON UPDATE CASCADE, CONSTRAINT fk_follow_following FOREIGN KEY (following_id) REFERENCES users(id) ON DELETE CASCADE ON UPDATE CASCADE ) ENGINE=InnoDB CHARACTER SET utf8mb4 COLLATE utf8mb4_unicode_ci; params=[]
[2025-08-12 08:47:29.870] [::1] [INFO] SQL.exec qid=1aeb84fd ok elapsed_ms=67 affected=0
[2025-08-12 08:47:29.873] [::1] [INFO] SQL.prepare qid=3d76a67a sql=SELECT * FROM users WHERE email = ? AND deleted_at IS NULL params=["ac***@deneme.com"]
[2025-08-12 08:47:29.949] [::1] [INFO] SQL.select qid=3d76a67a ok elapsed_ms=76 rows=1
[2025-08-12 08:47:40.443] [::1] [INFO] DB.connect2 start dsn=mysql:host=68.183.222.202;port=3306;dbname=TrevaDB;charset=utf8mb4 user=aybekcankaya1
[2025-08-12 08:47:40.647] [::1] [INFO] DB.connect2 success dsn=mysql:host=68.183.222.202;port=3306;dbname=TrevaDB;charset=utf8mb4
[2025-08-12 08:47:40.649] [::1] [INFO] SQL.prepare qid=b130433e sql=CREATE TABLE IF NOT EXISTS users ( id INT AUTO_INCREMENT PRIMARY KEY, name VARCHAR(100) NULL, surname VARCHAR(100) NULL, email VARCHAR(255) NULL, phone VARCHAR(50) NULL, password VARCHAR(255) NULL, google_id VARCHAR(255) NULL, username VARCHAR(50) NULL, bio VARCHAR(300) NULL, avatar_url VARCHAR(255) NULL, is_private TINYINT(1) NULL DEFAULT NULL, created_at DATETIME DEFAULT CURRENT_TIMESTAMP, updated_at DATETIME DEFAULT CURRENT_TIMESTAMP ON UPDATE CURRENT_TIMESTAMP, deleted_at DATETIME NULL, UNIQUE KEY uq_users_email (email), UNIQUE KEY uq_users_google (google_id), UNIQUE KEY uq_users_username (username) ) ENGINE=InnoDB CHARACTER SET utf8mb4 COLLATE utf8mb4_unicode_ci; params=[]
[2025-08-12 08:47:40.718] [::1] [INFO] SQL.exec qid=b130433e ok elapsed_ms=69 affected=0
[2025-08-12 08:47:40.720] [::1] [INFO] SQL.prepare qid=19db3d0a sql=CREATE TABLE IF NOT EXISTS trips ( id INT AUTO_INCREMENT PRIMARY KEY, title VARCHAR(255) NOT NULL, description TEXT NULL, latitude DECIMAL(9,6) NOT NULL, longitude DECIMAL(9,6) NOT NULL, user_id INT NOT NULL, created_at DATETIME DEFAULT CURRENT_TIMESTAMP, updated_at DATETIME DEFAULT CURRENT_TIMESTAMP ON UPDATE CURRENT_TIMESTAMP, INDEX idx_trips_user_id (user_id), CONSTRAINT fk_trips_user FOREIGN KEY (user_id) REFERENCES users(id) ON DELETE CASCADE ON UPDATE CASCADE ) ENGINE=InnoDB CHARACTER SET utf8mb4 COLLATE utf8mb4_unicode_ci; params=[]
[2025-08-12 08:47:40.789] [::1] [INFO] SQL.exec qid=19db3d0a ok elapsed_ms=69 affected=0
[2025-08-12 08:47:40.790] [::1] [INFO] SQL.prepare qid=c9ca9886 sql=CREATE TABLE IF NOT EXISTS media ( id INT AUTO_INCREMENT PRIMARY KEY, trip_id INT NOT NULL, media_type VARCHAR(100) NOT NULL, full_name VARCHAR(1024) NOT NULL, created_at DATETIME DEFAULT CURRENT_TIMESTAMP, updated_at DATETIME DEFAULT CURRENT_TIMESTAMP ON UPDATE CURRENT_TIMESTAMP, INDEX idx_media_trip_id (trip_id), CONSTRAINT fk_media_trip FOREIGN KEY (trip_id) REFERENCES trips(id) ON DELETE CASCADE ON UPDATE CASCADE ) ENGINE=InnoDB CHARACTER SET utf8mb4 COLLATE utf8mb4_unicode_ci; params=[]
[2025-08-12 08:47:40.858] [::1] [INFO] SQL.exec qid=c9ca9886 ok elapsed_ms=67 affected=0
[2025-08-12 08:47:40.859] [::1] [INFO] SQL.prepare qid=62dc2de0 sql=CREATE TABLE IF NOT EXISTS user_follow ( follower_id INT NOT NULL, following_id INT NOT NULL, created_at DATETIME NOT NULL DEFAULT CURRENT_TIMESTAMP, PRIMARY KEY (follower_id, following_id), KEY idx_following (following_id), CONSTRAINT fk_follow_follower FOREIGN KEY (follower_id) REFERENCES users(id) ON DELETE CASCADE ON UPDATE CASCADE, CONSTRAINT fk_follow_following FOREIGN KEY (following_id) REFERENCES users(id) ON DELETE CASCADE ON UPDATE CASCADE ) ENGINE=InnoDB CHARACTER SET utf8mb4 COLLATE utf8mb4_unicode_ci; params=[]
[2025-08-12 08:47:40.928] [::1] [INFO] SQL.exec qid=62dc2de0 ok elapsed_ms=69 affected=0
[2025-08-12 08:47:40.930] [::1] [INFO] trip rid=8bd16bf1 start method=POST ct="multipart/form-data; boundary=--------------------------371202238581672557528593" uid=1
[2025-08-12 08:47:40.931] [::1] [INFO] trip rid=8bd16bf1 create multipart files=10 bytes=33565652
[2025-08-12 08:47:40.933] [::1] [INFO] SQL.prepare qid=51dd70fe sql=INSERT INTO trips (title, description, latitude, longitude, user_id) VALUES (?, ?, ?, ?, ?) params=["Giresun Sahili","Güneşli bir gün",40.916,38.3874,1]
[2025-08-12 08:47:41.007] [::1] [INFO] SQL.exec qid=51dd70fe ok elapsed_ms=73 affected=1 last_id=1
[2025-08-12 08:47:41.008] [::1] [INFO] SQL.prepare qid=44c35e07 sql=SELECT * FROM trips WHERE user_id = ? ORDER BY id DESC LIMIT 1 params=[1]
[2025-08-12 08:47:41.086] [::1] [INFO] SQL.select qid=44c35e07 ok elapsed_ms=77 rows=1
[2025-08-12 08:47:41.090] [::1] [INFO] SQL.prepare qid=f7827f6d sql=INSERT INTO media (trip_id, media_type, full_name) VALUES (?, ?, ?) params=[1,"video","videos\/131b4c10fa48d40e_1754988461.mp4"]
[2025-08-12 08:47:41.161] [::1] [INFO] SQL.exec qid=f7827f6d ok elapsed_ms=71 affected=1 last_id=1
[2025-08-12 08:47:41.162] [::1] [INFO] trip rid=8bd16bf1 media_saved idx=0 type=video bytes=10050801
[2025-08-12 08:47:41.164] [::1] [INFO] SQL.prepare qid=b223d440 sql=INSERT INTO media (trip_id, media_type, full_name) VALUES (?, ?, ?) params=[1,"image","images\/4a6a5681d195df70_1754988461.jpg"]
[2025-08-12 08:47:41.229] [::1] [INFO] SQL.exec qid=b223d440 ok elapsed_ms=64 affected=1 last_id=2
[2025-08-12 08:47:41.230] [::1] [INFO] trip rid=8bd16bf1 media_saved idx=1 type=image bytes=447031
[2025-08-12 08:47:41.232] [::1] [INFO] SQL.prepare qid=9ec35060 sql=INSERT INTO media (trip_id, media_type, full_name) VALUES (?, ?, ?) params=[1,"image","images\/686ebb6e1bb5c59a_1754988461.jpg"]
[2025-08-12 08:47:41.306] [::1] [INFO] SQL.exec qid=9ec35060 ok elapsed_ms=74 affected=1 last_id=3
[2025-08-12 08:47:41.307] [::1] [INFO] trip rid=8bd16bf1 media_saved idx=2 type=image bytes=2989940
[2025-08-12 08:47:41.308] [::1] [INFO] SQL.prepare qid=8e345eca sql=INSERT INTO media (trip_id, media_type, full_name) VALUES (?, ?, ?) params=[1,"image","images\/c033e1d710a787a2_1754988461.jpg"]
[2025-08-12 08:47:41.379] [::1] [INFO] SQL.exec qid=8e345eca ok elapsed_ms=70 affected=1 last_id=4
[2025-08-12 08:47:41.381] [::1] [INFO] trip rid=8bd16bf1 media_saved idx=3 type=image bytes=2956509
[2025-08-12 08:47:41.383] [::1] [INFO] SQL.prepare qid=ec02b61e sql=INSERT INTO media (trip_id, media_type, full_name) VALUES (?, ?, ?) params=[1,"image","images\/f04fb07943a91e88_1754988461.jpg"]
[2025-08-12 08:47:41.452] [::1] [INFO] SQL.exec qid=ec02b61e ok elapsed_ms=69 affected=1 last_id=5
[2025-08-12 08:47:41.456] [::1] [INFO] trip rid=8bd16bf1 media_saved idx=4 type=image bytes=3054242
[2025-08-12 08:47:41.458] [::1] [INFO] SQL.prepare qid=96b73333 sql=INSERT INTO media (trip_id, media_type, full_name) VALUES (?, ?, ?) params=[1,"image","images\/4fd74aabaa12dec6_1754988461.jpg"]
[2025-08-12 08:47:41.529] [::1] [INFO] SQL.exec qid=96b73333 ok elapsed_ms=71 affected=1 last_id=6
[2025-08-12 08:47:41.530] [::1] [INFO] trip rid=8bd16bf1 media_saved idx=5 type=image bytes=3043229
[2025-08-12 08:47:41.532] [::1] [INFO] SQL.prepare qid=09f45850 sql=INSERT INTO media (trip_id, media_type, full_name) VALUES (?, ?, ?) params=[1,"image","images\/dc56b8c4dab82c96_1754988461.jpg"]
[2025-08-12 08:47:41.598] [::1] [INFO] SQL.exec qid=09f45850 ok elapsed_ms=65 affected=1 last_id=7
[2025-08-12 08:47:41.598] [::1] [INFO] trip rid=8bd16bf1 media_saved idx=6 type=image bytes=2943437
[2025-08-12 08:47:41.599] [::1] [INFO] SQL.prepare qid=3fd9a008 sql=INSERT INTO media (trip_id, media_type, full_name) VALUES (?, ?, ?) params=[1,"image","images\/0cdce4adf958a3f6_1754988461.jpg"]
[2025-08-12 08:47:41.672] [::1] [INFO] SQL.exec qid=3fd9a008 ok elapsed_ms=73 affected=1 last_id=8
[2025-08-12 08:47:41.673] [::1] [INFO] trip rid=8bd16bf1 media_saved idx=7 type=image bytes=2904104
[2025-08-12 08:47:41.674] [::1] [INFO] SQL.prepare qid=fd14a808 sql=INSERT INTO media (trip_id, media_type, full_name) VALUES (?, ?, ?) params=[1,"image","images\/3b308bd76363b859_1754988461.jpg"]
[2025-08-12 08:47:41.741] [::1] [INFO] SQL.exec qid=fd14a808 ok elapsed_ms=67 affected=1 last_id=9
[2025-08-12 08:47:41.741] [::1] [INFO] trip rid=8bd16bf1 media_saved idx=8 type=image bytes=2677478
[2025-08-12 08:47:41.742] [::1] [INFO] SQL.prepare qid=0234e92b sql=INSERT INTO media (trip_id, media_type, full_name) VALUES (?, ?, ?) params=[1,"image","images\/eda486bd2b5f58f1_1754988461.jpg"]
[2025-08-12 08:47:41.808] [::1] [INFO] SQL.exec qid=0234e92b ok elapsed_ms=65 affected=1 last_id=10
[2025-08-12 08:47:41.808] [::1] [INFO] trip rid=8bd16bf1 media_saved idx=9 type=image bytes=2498881
[2025-08-12 08:47:41.809] [::1] [INFO] trip rid=8bd16bf1 create_ok id=1 media_saved=10
[2025-08-12 08:48:05.078] [::1] [INFO] DB.connect2 start dsn=mysql:host=68.183.222.202;port=3306;dbname=TrevaDB;charset=utf8mb4 user=aybekcankaya1
[2025-08-12 08:48:05.301] [::1] [INFO] DB.connect2 success dsn=mysql:host=68.183.222.202;port=3306;dbname=TrevaDB;charset=utf8mb4
[2025-08-12 08:48:05.302] [::1] [INFO] SQL.prepare qid=70ef0750 sql=CREATE TABLE IF NOT EXISTS users ( id INT AUTO_INCREMENT PRIMARY KEY, name VARCHAR(100) NULL, surname VARCHAR(100) NULL, email VARCHAR(255) NULL, phone VARCHAR(50) NULL, password VARCHAR(255) NULL, google_id VARCHAR(255) NULL, username VARCHAR(50) NULL, bio VARCHAR(300) NULL, avatar_url VARCHAR(255) NULL, is_private TINYINT(1) NULL DEFAULT NULL, created_at DATETIME DEFAULT CURRENT_TIMESTAMP, updated_at DATETIME DEFAULT CURRENT_TIMESTAMP ON UPDATE CURRENT_TIMESTAMP, deleted_at DATETIME NULL, UNIQUE KEY uq_users_email (email), UNIQUE KEY uq_users_google (google_id), UNIQUE KEY uq_users_username (username) ) ENGINE=InnoDB CHARACTER SET utf8mb4 COLLATE utf8mb4_unicode_ci; params=[]
[2025-08-12 08:48:05.381] [::1] [INFO] SQL.exec qid=70ef0750 ok elapsed_ms=79 affected=0
[2025-08-12 08:48:05.381] [::1] [INFO] SQL.prepare qid=a4a6a6b3 sql=CREATE TABLE IF NOT EXISTS trips ( id INT AUTO_INCREMENT PRIMARY KEY, title VARCHAR(255) NOT NULL, description TEXT NULL, latitude DECIMAL(9,6) NOT NULL, longitude DECIMAL(9,6) NOT NULL, user_id INT NOT NULL, created_at DATETIME DEFAULT CURRENT_TIMESTAMP, updated_at DATETIME DEFAULT CURRENT_TIMESTAMP ON UPDATE CURRENT_TIMESTAMP, INDEX idx_trips_user_id (user_id), CONSTRAINT fk_trips_user FOREIGN KEY (user_id) REFERENCES users(id) ON DELETE CASCADE ON UPDATE CASCADE ) ENGINE=InnoDB CHARACTER SET utf8mb4 COLLATE utf8mb4_unicode_ci; params=[]
[2025-08-12 08:48:05.464] [::1] [INFO] SQL.exec qid=a4a6a6b3 ok elapsed_ms=83 affected=0
[2025-08-12 08:48:05.465] [::1] [INFO] SQL.prepare qid=b781aec9 sql=CREATE TABLE IF NOT EXISTS media ( id INT AUTO_INCREMENT PRIMARY KEY, trip_id INT NOT NULL, media_type VARCHAR(100) NOT NULL, full_name VARCHAR(1024) NOT NULL, created_at DATETIME DEFAULT CURRENT_TIMESTAMP, updated_at DATETIME DEFAULT CURRENT_TIMESTAMP ON UPDATE CURRENT_TIMESTAMP, INDEX idx_media_trip_id (trip_id), CONSTRAINT fk_media_trip FOREIGN KEY (trip_id) REFERENCES trips(id) ON DELETE CASCADE ON UPDATE CASCADE ) ENGINE=InnoDB CHARACTER SET utf8mb4 COLLATE utf8mb4_unicode_ci; params=[]
[2025-08-12 08:48:05.543] [::1] [INFO] SQL.exec qid=b781aec9 ok elapsed_ms=78 affected=0
[2025-08-12 08:48:05.544] [::1] [INFO] SQL.prepare qid=0488c527 sql=CREATE TABLE IF NOT EXISTS user_follow ( follower_id INT NOT NULL, following_id INT NOT NULL, created_at DATETIME NOT NULL DEFAULT CURRENT_TIMESTAMP, PRIMARY KEY (follower_id, following_id), KEY idx_following (following_id), CONSTRAINT fk_follow_follower FOREIGN KEY (follower_id) REFERENCES users(id) ON DELETE CASCADE ON UPDATE CASCADE, CONSTRAINT fk_follow_following FOREIGN KEY (following_id) REFERENCES users(id) ON DELETE CASCADE ON UPDATE CASCADE ) ENGINE=InnoDB CHARACTER SET utf8mb4 COLLATE utf8mb4_unicode_ci; params=[]
[2025-08-12 08:48:05.613] [::1] [INFO] SQL.exec qid=0488c527 ok elapsed_ms=69 affected=0
[2025-08-12 08:48:05.619] [::1] [INFO] trip rid= start method=GET ct="" uid=1
[2025-08-12 08:48:05.619] [::1] [INFO] trip rid= list page=1 per=10
[2025-08-12 08:48:05.620] [::1] [INFO] SQL.prepare qid=54a8f354 sql=SELECT COUNT(*) AS cnt FROM trips WHERE user_id = ? params=[1]
[2025-08-12 08:48:05.703] [::1] [INFO] SQL.select qid=54a8f354 ok elapsed_ms=84 rows=1
[2025-08-12 08:48:05.705] [::1] [INFO] SQL.prepare qid=42f3d5b2 sql=SELECT * FROM trips WHERE user_id = ? ORDER BY created_at DESC LIMIT 10 OFFSET 0 params=[1]
[2025-08-12 08:48:05.783] [::1] [INFO] SQL.select qid=42f3d5b2 ok elapsed_ms=77 rows=1
[2025-08-12 08:48:05.784] [::1] [INFO] SQL.prepare qid=8e8a02d6 sql=SELECT trip_id, id, media_type, full_name FROM media WHERE trip_id IN (?) ORDER BY id ASC params=["1"]
[2025-08-12 08:48:05.851] [::1] [INFO] SQL.select qid=8e8a02d6 ok elapsed_ms=67 rows=10
[2025-08-12 08:48:05.853] [::1] [INFO] trip rid= list_ok page=1 per=10 total=1 items=1
[2025-08-12 08:48:32.827] [::1] [INFO] DB.connect2 start dsn=mysql:host=68.183.222.202;port=3306;dbname=TrevaDB;charset=utf8mb4 user=aybekcankaya1
[2025-08-12 08:48:33.018] [::1] [INFO] DB.connect2 success dsn=mysql:host=68.183.222.202;port=3306;dbname=TrevaDB;charset=utf8mb4
[2025-08-12 08:48:33.019] [::1] [INFO] SQL.prepare qid=9255eab2 sql=CREATE TABLE IF NOT EXISTS users ( id INT AUTO_INCREMENT PRIMARY KEY, name VARCHAR(100) NULL, surname VARCHAR(100) NULL, email VARCHAR(255) NULL, phone VARCHAR(50) NULL, password VARCHAR(255) NULL, google_id VARCHAR(255) NULL, username VARCHAR(50) NULL, bio VARCHAR(300) NULL, avatar_url VARCHAR(255) NULL, is_private TINYINT(1) NULL DEFAULT NULL, created_at DATETIME DEFAULT CURRENT_TIMESTAMP, updated_at DATETIME DEFAULT CURRENT_TIMESTAMP ON UPDATE CURRENT_TIMESTAMP, deleted_at DATETIME NULL, UNIQUE KEY uq_users_email (email), UNIQUE KEY uq_users_google (google_id), UNIQUE KEY uq_users_username (username) ) ENGINE=InnoDB CHARACTER SET utf8mb4 COLLATE utf8mb4_unicode_ci; params=[]
[2025-08-12 08:48:33.088] [::1] [INFO] SQL.exec qid=9255eab2 ok elapsed_ms=68 affected=0
[2025-08-12 08:48:33.089] [::1] [INFO] SQL.prepare qid=1d2f5416 sql=CREATE TABLE IF NOT EXISTS trips ( id INT AUTO_INCREMENT PRIMARY KEY, title VARCHAR(255) NOT NULL, description TEXT NULL, latitude DECIMAL(9,6) NOT NULL, longitude DECIMAL(9,6) NOT NULL, user_id INT NOT NULL, created_at DATETIME DEFAULT CURRENT_TIMESTAMP, updated_at DATETIME DEFAULT CURRENT_TIMESTAMP ON UPDATE CURRENT_TIMESTAMP, INDEX idx_trips_user_id (user_id), CONSTRAINT fk_trips_user FOREIGN KEY (user_id) REFERENCES users(id) ON DELETE CASCADE ON UPDATE CASCADE ) ENGINE=InnoDB CHARACTER SET utf8mb4 COLLATE utf8mb4_unicode_ci; params=[]
[2025-08-12 08:48:33.158] [::1] [INFO] SQL.exec qid=1d2f5416 ok elapsed_ms=69 affected=0
[2025-08-12 08:48:33.160] [::1] [INFO] SQL.prepare qid=60541d98 sql=CREATE TABLE IF NOT EXISTS media ( id INT AUTO_INCREMENT PRIMARY KEY, trip_id INT NOT NULL, media_type VARCHAR(100) NOT NULL, full_name VARCHAR(1024) NOT NULL, created_at DATETIME DEFAULT CURRENT_TIMESTAMP, updated_at DATETIME DEFAULT CURRENT_TIMESTAMP ON UPDATE CURRENT_TIMESTAMP, INDEX idx_media_trip_id (trip_id), CONSTRAINT fk_media_trip FOREIGN KEY (trip_id) REFERENCES trips(id) ON DELETE CASCADE ON UPDATE CASCADE ) ENGINE=InnoDB CHARACTER SET utf8mb4 COLLATE utf8mb4_unicode_ci; params=[]
[2025-08-12 08:48:33.237] [::1] [INFO] SQL.exec qid=60541d98 ok elapsed_ms=77 affected=0
[2025-08-12 08:48:33.238] [::1] [INFO] SQL.prepare qid=a14891a0 sql=CREATE TABLE IF NOT EXISTS user_follow ( follower_id INT NOT NULL, following_id INT NOT NULL, created_at DATETIME NOT NULL DEFAULT CURRENT_TIMESTAMP, PRIMARY KEY (follower_id, following_id), KEY idx_following (following_id), CONSTRAINT fk_follow_follower FOREIGN KEY (follower_id) REFERENCES users(id) ON DELETE CASCADE ON UPDATE CASCADE, CONSTRAINT fk_follow_following FOREIGN KEY (following_id) REFERENCES users(id) ON DELETE CASCADE ON UPDATE CASCADE ) ENGINE=InnoDB CHARACTER SET utf8mb4 COLLATE utf8mb4_unicode_ci; params=[]
[2025-08-12 08:48:33.316] [::1] [INFO] SQL.exec qid=a14891a0 ok elapsed_ms=77 affected=0
[2025-08-12 08:48:33.317] [::1] [INFO] trip rid=e0ba8acc start method=POST ct="multipart/form-data; boundary=--------------------------726967150934794494803745" uid=1
[2025-08-12 08:48:33.318] [::1] [INFO] trip rid=e0ba8acc create multipart files=9 bytes=23514851
[2025-08-12 08:48:33.318] [::1] [INFO] SQL.prepare qid=8a8bc5f3 sql=INSERT INTO trips (title, description, latitude, longitude, user_id) VALUES (?, ?, ?, ?, ?) params=["Bursa Gezisi","",40.916,38.3874,1]
[2025-08-12 08:48:33.408] [::1] [INFO] SQL.exec qid=8a8bc5f3 ok elapsed_ms=89 affected=1 last_id=2
[2025-08-12 08:48:33.409] [::1] [INFO] SQL.prepare qid=a9f71f25 sql=SELECT * FROM trips WHERE user_id = ? ORDER BY id DESC LIMIT 1 params=[1]
[2025-08-12 08:48:33.477] [::1] [INFO] SQL.select qid=a9f71f25 ok elapsed_ms=67 rows=1
[2025-08-12 08:48:33.482] [::1] [INFO] SQL.prepare qid=5e5ed198 sql=INSERT INTO media (trip_id, media_type, full_name) VALUES (?, ?, ?) params=[2,"image","images\/ba27e84f7737bc06_1754988513.jpg"]
[2025-08-12 08:48:33.552] [::1] [INFO] SQL.exec qid=5e5ed198 ok elapsed_ms=69 affected=1 last_id=11
[2025-08-12 08:48:33.554] [::1] [INFO] trip rid=e0ba8acc media_saved idx=1 type=image bytes=447031
[2025-08-12 08:48:33.556] [::1] [INFO] SQL.prepare qid=f0fc9bff sql=INSERT INTO media (trip_id, media_type, full_name) VALUES (?, ?, ?) params=[2,"image","images\/79e05225b634ccb6_1754988513.jpg"]
[2025-08-12 08:48:33.632] [::1] [INFO] SQL.exec qid=f0fc9bff ok elapsed_ms=76 affected=1 last_id=12
[2025-08-12 08:48:33.633] [::1] [INFO] trip rid=e0ba8acc media_saved idx=2 type=image bytes=2989940
[2025-08-12 08:48:33.635] [::1] [INFO] SQL.prepare qid=77785328 sql=INSERT INTO media (trip_id, media_type, full_name) VALUES (?, ?, ?) params=[2,"image","images\/908ca0be76370c11_1754988513.jpg"]
[2025-08-12 08:48:33.707] [::1] [INFO] SQL.exec qid=77785328 ok elapsed_ms=72 affected=1 last_id=13
[2025-08-12 08:48:33.708] [::1] [INFO] trip rid=e0ba8acc media_saved idx=3 type=image bytes=2956509
[2025-08-12 08:48:33.709] [::1] [INFO] SQL.prepare qid=cbd621d0 sql=INSERT INTO media (trip_id, media_type, full_name) VALUES (?, ?, ?) params=[2,"image","images\/90f0ee811333eb1d_1754988513.jpg"]
[2025-08-12 08:48:33.780] [::1] [INFO] SQL.exec qid=cbd621d0 ok elapsed_ms=71 affected=1 last_id=14
[2025-08-12 08:48:33.781] [::1] [INFO] trip rid=e0ba8acc media_saved idx=4 type=image bytes=3054242
[2025-08-12 08:48:33.783] [::1] [INFO] SQL.prepare qid=ff4fc008 sql=INSERT INTO media (trip_id, media_type, full_name) VALUES (?, ?, ?) params=[2,"image","images\/d1f6d7dac81bb6e0_1754988513.jpg"]
[2025-08-12 08:48:33.858] [::1] [INFO] SQL.exec qid=ff4fc008 ok elapsed_ms=75 affected=1 last_id=15
[2025-08-12 08:48:33.859] [::1] [INFO] trip rid=e0ba8acc media_saved idx=5 type=image bytes=3043229
[2025-08-12 08:48:33.860] [::1] [INFO] SQL.prepare qid=17cb5232 sql=INSERT INTO media (trip_id, media_type, full_name) VALUES (?, ?, ?) params=[2,"image","images\/7740e7f5f2829c01_1754988513.jpg"]
[2025-08-12 08:48:33.926] [::1] [INFO] SQL.exec qid=17cb5232 ok elapsed_ms=66 affected=1 last_id=16
[2025-08-12 08:48:33.927] [::1] [INFO] trip rid=e0ba8acc media_saved idx=6 type=image bytes=2943437
[2025-08-12 08:48:33.928] [::1] [INFO] SQL.prepare qid=7be4e0a2 sql=INSERT INTO media (trip_id, media_type, full_name) VALUES (?, ?, ?) params=[2,"image","images\/287c05599609f1b5_1754988513.jpg"]
[2025-08-12 08:48:33.997] [::1] [INFO] SQL.exec qid=7be4e0a2 ok elapsed_ms=69 affected=1 last_id=17
[2025-08-12 08:48:33.998] [::1] [INFO] trip rid=e0ba8acc media_saved idx=7 type=image bytes=2904104
[2025-08-12 08:48:33.998] [::1] [INFO] SQL.prepare qid=43b0edca sql=INSERT INTO media (trip_id, media_type, full_name) VALUES (?, ?, ?) params=[2,"image","images\/1fe9ab5c2f0bc42c_1754988513.jpg"]
[2025-08-12 08:48:34.068] [::1] [INFO] SQL.exec qid=43b0edca ok elapsed_ms=70 affected=1 last_id=18
[2025-08-12 08:48:34.071] [::1] [INFO] trip rid=e0ba8acc media_saved idx=8 type=image bytes=2677478
[2025-08-12 08:48:34.074] [::1] [INFO] SQL.prepare qid=c8314b43 sql=INSERT INTO media (trip_id, media_type, full_name) VALUES (?, ?, ?) params=[2,"image","images\/579f7f5dfe33da8e_1754988514.jpg"]
[2025-08-12 08:48:34.139] [::1] [INFO] SQL.exec qid=c8314b43 ok elapsed_ms=64 affected=1 last_id=19
[2025-08-12 08:48:34.139] [::1] [INFO] trip rid=e0ba8acc media_saved idx=9 type=image bytes=2498881
[2025-08-12 08:48:34.139] [::1] [INFO] trip rid=e0ba8acc create_ok id=2 media_saved=9
[2025-08-12 08:48:45.123] [::1] [INFO] DB.connect2 start dsn=mysql:host=68.183.222.202;port=3306;dbname=TrevaDB;charset=utf8mb4 user=aybekcankaya1
[2025-08-12 08:48:45.363] [::1] [INFO] DB.connect2 success dsn=mysql:host=68.183.222.202;port=3306;dbname=TrevaDB;charset=utf8mb4
[2025-08-12 08:48:45.365] [::1] [INFO] SQL.prepare qid=4d051213 sql=CREATE TABLE IF NOT EXISTS users ( id INT AUTO_INCREMENT PRIMARY KEY, name VARCHAR(100) NULL, surname VARCHAR(100) NULL, email VARCHAR(255) NULL, phone VARCHAR(50) NULL, password VARCHAR(255) NULL, google_id VARCHAR(255) NULL, username VARCHAR(50) NULL, bio VARCHAR(300) NULL, avatar_url VARCHAR(255) NULL, is_private TINYINT(1) NULL DEFAULT NULL, created_at DATETIME DEFAULT CURRENT_TIMESTAMP, updated_at DATETIME DEFAULT CURRENT_TIMESTAMP ON UPDATE CURRENT_TIMESTAMP, deleted_at DATETIME NULL, UNIQUE KEY uq_users_email (email), UNIQUE KEY uq_users_google (google_id), UNIQUE KEY uq_users_username (username) ) ENGINE=InnoDB CHARACTER SET utf8mb4 COLLATE utf8mb4_unicode_ci; params=[]
[2025-08-12 08:48:45.436] [::1] [INFO] SQL.exec qid=4d051213 ok elapsed_ms=71 affected=0
[2025-08-12 08:48:45.436] [::1] [INFO] SQL.prepare qid=3cac450a sql=CREATE TABLE IF NOT EXISTS trips ( id INT AUTO_INCREMENT PRIMARY KEY, title VARCHAR(255) NOT NULL, description TEXT NULL, latitude DECIMAL(9,6) NOT NULL, longitude DECIMAL(9,6) NOT NULL, user_id INT NOT NULL, created_at DATETIME DEFAULT CURRENT_TIMESTAMP, updated_at DATETIME DEFAULT CURRENT_TIMESTAMP ON UPDATE CURRENT_TIMESTAMP, INDEX idx_trips_user_id (user_id), CONSTRAINT fk_trips_user FOREIGN KEY (user_id) REFERENCES users(id) ON DELETE CASCADE ON UPDATE CASCADE ) ENGINE=InnoDB CHARACTER SET utf8mb4 COLLATE utf8mb4_unicode_ci; params=[]
[2025-08-12 08:48:45.512] [::1] [INFO] SQL.exec qid=3cac450a ok elapsed_ms=75 affected=0
[2025-08-12 08:48:45.513] [::1] [INFO] SQL.prepare qid=270baeb1 sql=CREATE TABLE IF NOT EXISTS media ( id INT AUTO_INCREMENT PRIMARY KEY, trip_id INT NOT NULL, media_type VARCHAR(100) NOT NULL, full_name VARCHAR(1024) NOT NULL, created_at DATETIME DEFAULT CURRENT_TIMESTAMP, updated_at DATETIME DEFAULT CURRENT_TIMESTAMP ON UPDATE CURRENT_TIMESTAMP, INDEX idx_media_trip_id (trip_id), CONSTRAINT fk_media_trip FOREIGN KEY (trip_id) REFERENCES trips(id) ON DELETE CASCADE ON UPDATE CASCADE ) ENGINE=InnoDB CHARACTER SET utf8mb4 COLLATE utf8mb4_unicode_ci; params=[]
[2025-08-12 08:48:45.576] [::1] [INFO] SQL.exec qid=270baeb1 ok elapsed_ms=62 affected=0
[2025-08-12 08:48:45.578] [::1] [INFO] SQL.prepare qid=74ea8386 sql=CREATE TABLE IF NOT EXISTS user_follow ( follower_id INT NOT NULL, following_id INT NOT NULL, created_at DATETIME NOT NULL DEFAULT CURRENT_TIMESTAMP, PRIMARY KEY (follower_id, following_id), KEY idx_following (following_id), CONSTRAINT fk_follow_follower FOREIGN KEY (follower_id) REFERENCES users(id) ON DELETE CASCADE ON UPDATE CASCADE, CONSTRAINT fk_follow_following FOREIGN KEY (following_id) REFERENCES users(id) ON DELETE CASCADE ON UPDATE CASCADE ) ENGINE=InnoDB CHARACTER SET utf8mb4 COLLATE utf8mb4_unicode_ci; params=[]
[2025-08-12 08:48:45.646] [::1] [INFO] SQL.exec qid=74ea8386 ok elapsed_ms=68 affected=0
[2025-08-12 08:48:45.653] [::1] [INFO] trip rid= start method=GET ct="" uid=1
[2025-08-12 08:48:45.653] [::1] [INFO] trip rid= list page=1 per=10
[2025-08-12 08:48:45.654] [::1] [INFO] SQL.prepare qid=65473151 sql=SELECT COUNT(*) AS cnt FROM trips WHERE user_id = ? params=[1]
[2025-08-12 08:48:45.724] [::1] [INFO] SQL.select qid=65473151 ok elapsed_ms=70 rows=1
[2025-08-12 08:48:45.729] [::1] [INFO] SQL.prepare qid=f28b92e0 sql=SELECT * FROM trips WHERE user_id = ? ORDER BY created_at DESC LIMIT 10 OFFSET 0 params=[1]
[2025-08-12 08:48:45.798] [::1] [INFO] SQL.select qid=f28b92e0 ok elapsed_ms=68 rows=2
[2025-08-12 08:48:45.803] [::1] [INFO] SQL.prepare qid=eef6b1aa sql=SELECT trip_id, id, media_type, full_name FROM media WHERE trip_id IN (?,?) ORDER BY id ASC params=["2","1"]
[2025-08-12 08:48:45.866] [::1] [INFO] SQL.select qid=eef6b1aa ok elapsed_ms=62 rows=19
[2025-08-12 08:48:45.868] [::1] [INFO] trip rid= list_ok page=1 per=10 total=2 items=2
