[2025-08-12 11:00:11.669] [::1] [INFO] DB.connect2 start dsn=mysql:host=68.183.222.202;port=3306;dbname=TrevaDB;charset=utf8mb4 user=aybekcankaya1
[2025-08-12 11:00:11.862] [::1] [INFO] DB.connect2 success dsn=mysql:host=68.183.222.202;port=3306;dbname=TrevaDB;charset=utf8mb4
[2025-08-12 11:00:11.864] [::1] [INFO] SQL.prepare qid=fed6a665 sql=CREATE TABLE IF NOT EXISTS users ( id INT AUTO_INCREMENT PRIMARY KEY, name VARCHAR(100) NULL, surname VARCHAR(100) NULL, email VARCHAR(255) NULL, phone VARCHAR(50) NULL, password VARCHAR(255) NULL, google_id VARCHAR(255) NULL, username VARCHAR(50) NULL, bio VARCHAR(300) NULL, avatar_url VARCHAR(255) NULL, is_private TINYINT(1) NULL DEFAULT NULL, created_at DATETIME DEFAULT CURRENT_TIMESTAMP, updated_at DATETIME DEFAULT CURRENT_TIMESTAMP ON UPDATE CURRENT_TIMESTAMP, deleted_at DATETIME NULL, UNIQUE KEY uq_users_email (email), UNIQUE KEY uq_users_google (google_id), UNIQUE KEY uq_users_username (username) ) ENGINE=InnoDB CHARACTER SET utf8mb4 COLLATE utf8mb4_unicode_ci; params=[]
[2025-08-12 11:00:11.935] [::1] [INFO] SQL.exec qid=fed6a665 ok elapsed_ms=71 affected=0
[2025-08-12 11:00:11.938] [::1] [INFO] SQL.prepare qid=81b4b97d sql=CREATE TABLE IF NOT EXISTS trips ( id INT AUTO_INCREMENT PRIMARY KEY, title VARCHAR(255) NOT NULL, description TEXT NULL, latitude DECIMAL(9,6) NOT NULL, longitude DECIMAL(9,6) NOT NULL, user_id INT NOT NULL, created_at DATETIME DEFAULT CURRENT_TIMESTAMP, updated_at DATETIME DEFAULT CURRENT_TIMESTAMP ON UPDATE CURRENT_TIMESTAMP, INDEX idx_trips_user_id (user_id), CONSTRAINT fk_trips_user FOREIGN KEY (user_id) REFERENCES users(id) ON DELETE CASCADE ON UPDATE CASCADE ) ENGINE=InnoDB CHARACTER SET utf8mb4 COLLATE utf8mb4_unicode_ci; params=[]
[2025-08-12 11:00:12.006] [::1] [INFO] SQL.exec qid=81b4b97d ok elapsed_ms=68 affected=0
[2025-08-12 11:00:12.008] [::1] [INFO] SQL.prepare qid=4f87c713 sql=CREATE TABLE IF NOT EXISTS media ( id INT AUTO_INCREMENT PRIMARY KEY, trip_id INT NOT NULL, media_type VARCHAR(100) NOT NULL, full_name VARCHAR(1024) NOT NULL, created_at DATETIME DEFAULT CURRENT_TIMESTAMP, updated_at DATETIME DEFAULT CURRENT_TIMESTAMP ON UPDATE CURRENT_TIMESTAMP, INDEX idx_media_trip_id (trip_id), CONSTRAINT fk_media_trip FOREIGN KEY (trip_id) REFERENCES trips(id) ON DELETE CASCADE ON UPDATE CASCADE ) ENGINE=InnoDB CHARACTER SET utf8mb4 COLLATE utf8mb4_unicode_ci; params=[]
[2025-08-12 11:00:12.075] [::1] [INFO] SQL.exec qid=4f87c713 ok elapsed_ms=67 affected=0
[2025-08-12 11:00:12.077] [::1] [INFO] SQL.prepare qid=f431d506 sql=CREATE TABLE IF NOT EXISTS user_follow ( follower_id INT NOT NULL, following_id INT NOT NULL, created_at DATETIME NOT NULL DEFAULT CURRENT_TIMESTAMP, PRIMARY KEY (follower_id, following_id), KEY idx_following (following_id), CONSTRAINT fk_follow_follower FOREIGN KEY (follower_id) REFERENCES users(id) ON DELETE CASCADE ON UPDATE CASCADE, CONSTRAINT fk_follow_following FOREIGN KEY (following_id) REFERENCES users(id) ON DELETE CASCADE ON UPDATE CASCADE ) ENGINE=InnoDB CHARACTER SET utf8mb4 COLLATE utf8mb4_unicode_ci; params=[]
[2025-08-12 11:00:12.145] [::1] [INFO] SQL.exec qid=f431d506 ok elapsed_ms=67 affected=0
[2025-08-12 11:00:12.147] [::1] [INFO] trip rid=796d7e81 start method=POST ct="multipart/form-data; boundary=--------------------------718167360085296588927412" uid=6
[2025-08-12 11:00:12.148] [::1] [INFO] trip rid=796d7e81 create multipart files=0 bytes=0
[2025-08-12 11:00:12.152] [::1] [INFO] SQL.prepare qid=8583ba4f sql=INSERT INTO trips (title, description, latitude, longitude, user_id) VALUES (?, ?, ?, ?, ?) params=["Bursa Gezisi","",40.916,38.3874,6]
[2025-08-12 11:00:12.225] [::1] [ERROR] SQL.error qid=8583ba4f code=23000 msg=SQLSTATE[23000]: Integrity constraint violation: 1452 Cannot add or update a child row: a foreign key constraint fails (`TrevaDB`.`trips`, CONSTRAINT `fk_trips_user` FOREIGN KEY (`user_id`) REFERENCES `users` (`id`) ON DELETE CASCADE ON UPDATE CASCADE) sql=INSERT INTO trips (title, description, latitude, longitude, user_id) VALUES (?, ?, ?, ?, ?) params=["Bursa Gezisi","",40.916,38.3874,6]
[2025-08-12 11:00:17.597] [::1] [INFO] DB.connect2 start dsn=mysql:host=68.183.222.202;port=3306;dbname=TrevaDB;charset=utf8mb4 user=aybekcankaya1
[2025-08-12 11:00:17.793] [::1] [INFO] DB.connect2 success dsn=mysql:host=68.183.222.202;port=3306;dbname=TrevaDB;charset=utf8mb4
[2025-08-12 11:00:17.795] [::1] [INFO] SQL.prepare qid=433573fb sql=CREATE TABLE IF NOT EXISTS users ( id INT AUTO_INCREMENT PRIMARY KEY, name VARCHAR(100) NULL, surname VARCHAR(100) NULL, email VARCHAR(255) NULL, phone VARCHAR(50) NULL, password VARCHAR(255) NULL, google_id VARCHAR(255) NULL, username VARCHAR(50) NULL, bio VARCHAR(300) NULL, avatar_url VARCHAR(255) NULL, is_private TINYINT(1) NULL DEFAULT NULL, created_at DATETIME DEFAULT CURRENT_TIMESTAMP, updated_at DATETIME DEFAULT CURRENT_TIMESTAMP ON UPDATE CURRENT_TIMESTAMP, deleted_at DATETIME NULL, UNIQUE KEY uq_users_email (email), UNIQUE KEY uq_users_google (google_id), UNIQUE KEY uq_users_username (username) ) ENGINE=InnoDB CHARACTER SET utf8mb4 COLLATE utf8mb4_unicode_ci; params=[]
[2025-08-12 11:00:17.865] [::1] [INFO] SQL.exec qid=433573fb ok elapsed_ms=69 affected=0
[2025-08-12 11:00:17.865] [::1] [INFO] SQL.prepare qid=4a77c061 sql=CREATE TABLE IF NOT EXISTS trips ( id INT AUTO_INCREMENT PRIMARY KEY, title VARCHAR(255) NOT NULL, description TEXT NULL, latitude DECIMAL(9,6) NOT NULL, longitude DECIMAL(9,6) NOT NULL, user_id INT NOT NULL, created_at DATETIME DEFAULT CURRENT_TIMESTAMP, updated_at DATETIME DEFAULT CURRENT_TIMESTAMP ON UPDATE CURRENT_TIMESTAMP, INDEX idx_trips_user_id (user_id), CONSTRAINT fk_trips_user FOREIGN KEY (user_id) REFERENCES users(id) ON DELETE CASCADE ON UPDATE CASCADE ) ENGINE=InnoDB CHARACTER SET utf8mb4 COLLATE utf8mb4_unicode_ci; params=[]
[2025-08-12 11:00:17.935] [::1] [INFO] SQL.exec qid=4a77c061 ok elapsed_ms=69 affected=0
[2025-08-12 11:00:17.936] [::1] [INFO] SQL.prepare qid=37f42e90 sql=CREATE TABLE IF NOT EXISTS media ( id INT AUTO_INCREMENT PRIMARY KEY, trip_id INT NOT NULL, media_type VARCHAR(100) NOT NULL, full_name VARCHAR(1024) NOT NULL, created_at DATETIME DEFAULT CURRENT_TIMESTAMP, updated_at DATETIME DEFAULT CURRENT_TIMESTAMP ON UPDATE CURRENT_TIMESTAMP, INDEX idx_media_trip_id (trip_id), CONSTRAINT fk_media_trip FOREIGN KEY (trip_id) REFERENCES trips(id) ON DELETE CASCADE ON UPDATE CASCADE ) ENGINE=InnoDB CHARACTER SET utf8mb4 COLLATE utf8mb4_unicode_ci; params=[]
[2025-08-12 11:00:18.006] [::1] [INFO] SQL.exec qid=37f42e90 ok elapsed_ms=70 affected=0
[2025-08-12 11:00:18.007] [::1] [INFO] SQL.prepare qid=7ab51933 sql=CREATE TABLE IF NOT EXISTS user_follow ( follower_id INT NOT NULL, following_id INT NOT NULL, created_at DATETIME NOT NULL DEFAULT CURRENT_TIMESTAMP, PRIMARY KEY (follower_id, following_id), KEY idx_following (following_id), CONSTRAINT fk_follow_follower FOREIGN KEY (follower_id) REFERENCES users(id) ON DELETE CASCADE ON UPDATE CASCADE, CONSTRAINT fk_follow_following FOREIGN KEY (following_id) REFERENCES users(id) ON DELETE CASCADE ON UPDATE CASCADE ) ENGINE=InnoDB CHARACTER SET utf8mb4 COLLATE utf8mb4_unicode_ci; params=[]
[2025-08-12 11:00:18.082] [::1] [INFO] SQL.exec qid=7ab51933 ok elapsed_ms=75 affected=0
[2025-08-12 11:00:18.085] [::1] [INFO] SQL.prepare qid=31bdadc6 sql=SELECT * FROM users WHERE email = ? AND deleted_at IS NULL params=["ac***@deneme.com"]
[2025-08-12 11:00:18.154] [::1] [INFO] SQL.select qid=31bdadc6 ok elapsed_ms=69 rows=1
[2025-08-12 11:00:34.015] [::1] [INFO] DB.connect2 start dsn=mysql:host=68.183.222.202;port=3306;dbname=TrevaDB;charset=utf8mb4 user=aybekcankaya1
[2025-08-12 11:00:34.206] [::1] [INFO] DB.connect2 success dsn=mysql:host=68.183.222.202;port=3306;dbname=TrevaDB;charset=utf8mb4
[2025-08-12 11:00:34.207] [::1] [INFO] SQL.prepare qid=8e531f5e sql=CREATE TABLE IF NOT EXISTS users ( id INT AUTO_INCREMENT PRIMARY KEY, name VARCHAR(100) NULL, surname VARCHAR(100) NULL, email VARCHAR(255) NULL, phone VARCHAR(50) NULL, password VARCHAR(255) NULL, google_id VARCHAR(255) NULL, username VARCHAR(50) NULL, bio VARCHAR(300) NULL, avatar_url VARCHAR(255) NULL, is_private TINYINT(1) NULL DEFAULT NULL, created_at DATETIME DEFAULT CURRENT_TIMESTAMP, updated_at DATETIME DEFAULT CURRENT_TIMESTAMP ON UPDATE CURRENT_TIMESTAMP, deleted_at DATETIME NULL, UNIQUE KEY uq_users_email (email), UNIQUE KEY uq_users_google (google_id), UNIQUE KEY uq_users_username (username) ) ENGINE=InnoDB CHARACTER SET utf8mb4 COLLATE utf8mb4_unicode_ci; params=[]
[2025-08-12 11:00:34.286] [::1] [INFO] SQL.exec qid=8e531f5e ok elapsed_ms=78 affected=0
[2025-08-12 11:00:34.288] [::1] [INFO] SQL.prepare qid=4c246d92 sql=CREATE TABLE IF NOT EXISTS trips ( id INT AUTO_INCREMENT PRIMARY KEY, title VARCHAR(255) NOT NULL, description TEXT NULL, latitude DECIMAL(9,6) NOT NULL, longitude DECIMAL(9,6) NOT NULL, user_id INT NOT NULL, created_at DATETIME DEFAULT CURRENT_TIMESTAMP, updated_at DATETIME DEFAULT CURRENT_TIMESTAMP ON UPDATE CURRENT_TIMESTAMP, INDEX idx_trips_user_id (user_id), CONSTRAINT fk_trips_user FOREIGN KEY (user_id) REFERENCES users(id) ON DELETE CASCADE ON UPDATE CASCADE ) ENGINE=InnoDB CHARACTER SET utf8mb4 COLLATE utf8mb4_unicode_ci; params=[]
[2025-08-12 11:00:34.359] [::1] [INFO] SQL.exec qid=4c246d92 ok elapsed_ms=70 affected=0
[2025-08-12 11:00:34.361] [::1] [INFO] SQL.prepare qid=1ac161e4 sql=CREATE TABLE IF NOT EXISTS media ( id INT AUTO_INCREMENT PRIMARY KEY, trip_id INT NOT NULL, media_type VARCHAR(100) NOT NULL, full_name VARCHAR(1024) NOT NULL, created_at DATETIME DEFAULT CURRENT_TIMESTAMP, updated_at DATETIME DEFAULT CURRENT_TIMESTAMP ON UPDATE CURRENT_TIMESTAMP, INDEX idx_media_trip_id (trip_id), CONSTRAINT fk_media_trip FOREIGN KEY (trip_id) REFERENCES trips(id) ON DELETE CASCADE ON UPDATE CASCADE ) ENGINE=InnoDB CHARACTER SET utf8mb4 COLLATE utf8mb4_unicode_ci; params=[]
[2025-08-12 11:00:34.429] [::1] [INFO] SQL.exec qid=1ac161e4 ok elapsed_ms=68 affected=0
[2025-08-12 11:00:34.430] [::1] [INFO] SQL.prepare qid=8c41f8b3 sql=CREATE TABLE IF NOT EXISTS user_follow ( follower_id INT NOT NULL, following_id INT NOT NULL, created_at DATETIME NOT NULL DEFAULT CURRENT_TIMESTAMP, PRIMARY KEY (follower_id, following_id), KEY idx_following (following_id), CONSTRAINT fk_follow_follower FOREIGN KEY (follower_id) REFERENCES users(id) ON DELETE CASCADE ON UPDATE CASCADE, CONSTRAINT fk_follow_following FOREIGN KEY (following_id) REFERENCES users(id) ON DELETE CASCADE ON UPDATE CASCADE ) ENGINE=InnoDB CHARACTER SET utf8mb4 COLLATE utf8mb4_unicode_ci; params=[]
[2025-08-12 11:00:34.507] [::1] [INFO] SQL.exec qid=8c41f8b3 ok elapsed_ms=77 affected=0
[2025-08-12 11:00:34.508] [::1] [INFO] trip rid=4dcf21a7 start method=POST ct="multipart/form-data; boundary=--------------------------939262965889796219628407" uid=1
[2025-08-12 11:00:34.509] [::1] [INFO] trip rid=4dcf21a7 create multipart files=0 bytes=0
[2025-08-12 11:00:34.509] [::1] [INFO] SQL.prepare qid=00fe1756 sql=INSERT INTO trips (title, description, latitude, longitude, user_id) VALUES (?, ?, ?, ?, ?) params=["Bursa Gezisi","",40.916,38.3874,1]
[2025-08-12 11:00:34.580] [::1] [INFO] SQL.exec qid=00fe1756 ok elapsed_ms=70 affected=1 last_id=2
[2025-08-12 11:00:34.581] [::1] [INFO] SQL.prepare qid=0f731921 sql=SELECT * FROM trips WHERE user_id = ? ORDER BY id DESC LIMIT 1 params=[1]
[2025-08-12 11:00:34.645] [::1] [INFO] SQL.select qid=0f731921 ok elapsed_ms=64 rows=1
[2025-08-12 11:00:34.648] [::1] [INFO] trip rid=4dcf21a7 create_ok id=2 media_saved=0
[2025-08-12 11:01:11.571] [::1] [INFO] DB.connect2 start dsn=mysql:host=68.183.222.202;port=3306;dbname=TrevaDB;charset=utf8mb4 user=aybekcankaya1
[2025-08-12 11:01:11.821] [::1] [INFO] DB.connect2 success dsn=mysql:host=68.183.222.202;port=3306;dbname=TrevaDB;charset=utf8mb4
[2025-08-12 11:01:11.822] [::1] [INFO] SQL.prepare qid=908b0c08 sql=CREATE TABLE IF NOT EXISTS users ( id INT AUTO_INCREMENT PRIMARY KEY, name VARCHAR(100) NULL, surname VARCHAR(100) NULL, email VARCHAR(255) NULL, phone VARCHAR(50) NULL, password VARCHAR(255) NULL, google_id VARCHAR(255) NULL, username VARCHAR(50) NULL, bio VARCHAR(300) NULL, avatar_url VARCHAR(255) NULL, is_private TINYINT(1) NULL DEFAULT NULL, created_at DATETIME DEFAULT CURRENT_TIMESTAMP, updated_at DATETIME DEFAULT CURRENT_TIMESTAMP ON UPDATE CURRENT_TIMESTAMP, deleted_at DATETIME NULL, UNIQUE KEY uq_users_email (email), UNIQUE KEY uq_users_google (google_id), UNIQUE KEY uq_users_username (username) ) ENGINE=InnoDB CHARACTER SET utf8mb4 COLLATE utf8mb4_unicode_ci; params=[]
[2025-08-12 11:01:11.893] [::1] [INFO] SQL.exec qid=908b0c08 ok elapsed_ms=71 affected=0
[2025-08-12 11:01:11.894] [::1] [INFO] SQL.prepare qid=a1183747 sql=CREATE TABLE IF NOT EXISTS trips ( id INT AUTO_INCREMENT PRIMARY KEY, title VARCHAR(255) NOT NULL, description TEXT NULL, latitude DECIMAL(9,6) NOT NULL, longitude DECIMAL(9,6) NOT NULL, user_id INT NOT NULL, created_at DATETIME DEFAULT CURRENT_TIMESTAMP, updated_at DATETIME DEFAULT CURRENT_TIMESTAMP ON UPDATE CURRENT_TIMESTAMP, INDEX idx_trips_user_id (user_id), CONSTRAINT fk_trips_user FOREIGN KEY (user_id) REFERENCES users(id) ON DELETE CASCADE ON UPDATE CASCADE ) ENGINE=InnoDB CHARACTER SET utf8mb4 COLLATE utf8mb4_unicode_ci; params=[]
[2025-08-12 11:01:11.964] [::1] [INFO] SQL.exec qid=a1183747 ok elapsed_ms=69 affected=0
[2025-08-12 11:01:11.966] [::1] [INFO] SQL.prepare qid=345facf4 sql=CREATE TABLE IF NOT EXISTS media ( id INT AUTO_INCREMENT PRIMARY KEY, trip_id INT NOT NULL, media_type VARCHAR(100) NOT NULL, full_name VARCHAR(1024) NOT NULL, created_at DATETIME DEFAULT CURRENT_TIMESTAMP, updated_at DATETIME DEFAULT CURRENT_TIMESTAMP ON UPDATE CURRENT_TIMESTAMP, INDEX idx_media_trip_id (trip_id), CONSTRAINT fk_media_trip FOREIGN KEY (trip_id) REFERENCES trips(id) ON DELETE CASCADE ON UPDATE CASCADE ) ENGINE=InnoDB CHARACTER SET utf8mb4 COLLATE utf8mb4_unicode_ci; params=[]
[2025-08-12 11:01:12.034] [::1] [INFO] SQL.exec qid=345facf4 ok elapsed_ms=67 affected=0
[2025-08-12 11:01:12.035] [::1] [INFO] SQL.prepare qid=d8b6cb76 sql=CREATE TABLE IF NOT EXISTS user_follow ( follower_id INT NOT NULL, following_id INT NOT NULL, created_at DATETIME NOT NULL DEFAULT CURRENT_TIMESTAMP, PRIMARY KEY (follower_id, following_id), KEY idx_following (following_id), CONSTRAINT fk_follow_follower FOREIGN KEY (follower_id) REFERENCES users(id) ON DELETE CASCADE ON UPDATE CASCADE, CONSTRAINT fk_follow_following FOREIGN KEY (following_id) REFERENCES users(id) ON DELETE CASCADE ON UPDATE CASCADE ) ENGINE=InnoDB CHARACTER SET utf8mb4 COLLATE utf8mb4_unicode_ci; params=[]
[2025-08-12 11:01:12.103] [::1] [INFO] SQL.exec qid=d8b6cb76 ok elapsed_ms=67 affected=0
[2025-08-12 11:01:12.104] [::1] [INFO] trip rid=3e8f55ba start method=POST ct="multipart/form-data; boundary=--------------------------549109621337010574854488" uid=1
[2025-08-12 11:01:12.105] [::1] [INFO] trip rid=3e8f55ba create multipart files=5 bytes=1751559
[2025-08-12 11:01:12.105] [::1] [INFO] SQL.prepare qid=7ed28a0f sql=INSERT INTO trips (title, description, latitude, longitude, user_id) VALUES (?, ?, ?, ?, ?) params=["Bursa Gezisi","",40.916,38.3874,1]
[2025-08-12 11:01:12.173] [::1] [INFO] SQL.exec qid=7ed28a0f ok elapsed_ms=68 affected=1 last_id=3
[2025-08-12 11:01:12.175] [::1] [INFO] SQL.prepare qid=0400a993 sql=SELECT * FROM trips WHERE user_id = ? ORDER BY id DESC LIMIT 1 params=[1]
[2025-08-12 11:01:12.243] [::1] [INFO] SQL.select qid=0400a993 ok elapsed_ms=67 rows=1
[2025-08-12 11:01:12.251] [::1] [INFO] SQL.prepare qid=6d963c56 sql=INSERT INTO media (trip_id, media_type, full_name) VALUES (?, ?, ?) params=[3,"image","images\/b6e59e7d79a5970c_1754996472.jpg"]
[2025-08-12 11:01:12.323] [::1] [INFO] SQL.exec qid=6d963c56 ok elapsed_ms=71 affected=1 last_id=1
[2025-08-12 11:01:12.325] [::1] [INFO] trip rid=3e8f55ba media_saved idx=0 type=image bytes=675968
[2025-08-12 11:01:12.327] [::1] [INFO] SQL.prepare qid=9f777beb sql=INSERT INTO media (trip_id, media_type, full_name) VALUES (?, ?, ?) params=[3,"image","images\/de1122a1162a1ab7_1754996472.jpg"]
[2025-08-12 11:01:12.396] [::1] [INFO] SQL.exec qid=9f777beb ok elapsed_ms=69 affected=1 last_id=2
[2025-08-12 11:01:12.397] [::1] [INFO] trip rid=3e8f55ba media_saved idx=1 type=image bytes=112482
[2025-08-12 11:01:12.398] [::1] [INFO] SQL.prepare qid=8d9af876 sql=INSERT INTO media (trip_id, media_type, full_name) VALUES (?, ?, ?) params=[3,"image","images\/a9ec54f1893150ec_1754996472.jpg"]
[2025-08-12 11:01:12.463] [::1] [INFO] SQL.exec qid=8d9af876 ok elapsed_ms=64 affected=1 last_id=3
[2025-08-12 11:01:12.464] [::1] [INFO] trip rid=3e8f55ba media_saved idx=2 type=image bytes=258039
[2025-08-12 11:01:12.466] [::1] [INFO] SQL.prepare qid=ab910cfd sql=INSERT INTO media (trip_id, media_type, full_name) VALUES (?, ?, ?) params=[3,"image","images\/f47c148aaa2f3069_1754996472.jpg"]
[2025-08-12 11:01:12.534] [::1] [INFO] SQL.exec qid=ab910cfd ok elapsed_ms=68 affected=1 last_id=4
[2025-08-12 11:01:12.536] [::1] [INFO] trip rid=3e8f55ba media_saved idx=3 type=image bytes=258039
[2025-08-12 11:01:12.538] [::1] [INFO] SQL.prepare qid=2b407163 sql=INSERT INTO media (trip_id, media_type, full_name) VALUES (?, ?, ?) params=[3,"image","images\/bf6f5f8655cfdf39_1754996472.jpg"]
[2025-08-12 11:01:12.602] [::1] [INFO] SQL.exec qid=2b407163 ok elapsed_ms=64 affected=1 last_id=5
[2025-08-12 11:01:12.603] [::1] [INFO] trip rid=3e8f55ba media_saved idx=4 type=image bytes=447031
[2025-08-12 11:01:12.604] [::1] [INFO] trip rid=3e8f55ba create_ok id=3 media_saved=5
